2017/03/27 15:27:45 INFO  - jmeter.util.JMeterUtils: Setting Locale to es_ES 
2017/03/27 15:27:45 WARN  - jmeter.util.JMeterUtils: Could not find resources for 'es_ES', using 'es' 
2017/03/27 15:27:45 INFO  - jmeter.JMeter: Loading user properties from: /home/alumnos/e284672/Desktop/P2/jakarta-jmeter/bin/user.properties 
2017/03/27 15:27:45 INFO  - jmeter.JMeter: Loading system properties from: /home/alumnos/e284672/Desktop/P2/jakarta-jmeter/bin/system.properties 
2017/03/27 15:27:45 INFO  - jmeter.JMeter: Copyright (c) 1998-2011 The Apache Software Foundation 
2017/03/27 15:27:45 INFO  - jmeter.JMeter: Version 2.5.1 r1177103 
2017/03/27 15:27:45 INFO  - jmeter.JMeter: java.version=1.8.0_66 
2017/03/27 15:27:45 INFO  - jmeter.JMeter: java.vm.name=Java HotSpot(TM) 64-Bit Server VM 
2017/03/27 15:27:45 INFO  - jmeter.JMeter: os.name=Linux 
2017/03/27 15:27:45 INFO  - jmeter.JMeter: os.arch=amd64 
2017/03/27 15:27:45 INFO  - jmeter.JMeter: os.version=3.13.0-24-generic 
2017/03/27 15:27:45 INFO  - jmeter.JMeter: file.encoding=UTF-8 
2017/03/27 15:27:45 INFO  - jmeter.JMeter: Default Locale=espa単ol (Espa単a) 
2017/03/27 15:27:45 INFO  - jmeter.JMeter: JMeter  Locale=espa単ol (Espa単a) 
2017/03/27 15:27:45 INFO  - jmeter.JMeter: JMeterHome=/home/alumnos/e284672/Desktop/P2/jakarta-jmeter 
2017/03/27 15:27:45 INFO  - jmeter.JMeter: user.dir  =/home/alumnos/e284672/Desktop/P2 
2017/03/27 15:27:45 INFO  - jmeter.JMeter: PWD       =/home/alumnos/e284672/Desktop/P2 
2017/03/27 15:27:45 INFO  - jmeter.JMeter: IP: 127.0.1.1 Name: 16-12-64-234 FullName: 16-12-64-234 
2017/03/27 15:27:45 INFO  - jmeter.JMeter: Loaded icon properties from org/apache/jmeter/images/icon.properties 
2017/03/27 15:27:46 INFO  - jmeter.engine.util.CompoundVariable: Note: Function class names must contain the string: '.functions.' 
2017/03/27 15:27:46 INFO  - jmeter.engine.util.CompoundVariable: Note: Function class names must not contain the string: '.gui.' 
2017/03/27 15:27:47 INFO  - jmeter.util.BSFTestElement: Registering JMeter version of JavaScript engine as work-round for BSF-22 
2017/03/27 15:27:48 INFO  - jmeter.protocol.http.sampler.HTTPSamplerBase: Cannot find .className property for htmlParser, using default 
2017/03/27 15:27:48 INFO  - jmeter.protocol.http.sampler.HTTPSamplerBase: Parser for text/html is  
2017/03/27 15:27:48 INFO  - jmeter.protocol.http.sampler.HTTPSamplerBase: Parser for application/xhtml+xml is  
2017/03/27 15:27:48 INFO  - jmeter.protocol.http.sampler.HTTPSamplerBase: Parser for application/xml is  
2017/03/27 15:27:48 INFO  - jmeter.protocol.http.sampler.HTTPSamplerBase: Parser for text/xml is  
2017/03/27 15:27:48 INFO  - jmeter.protocol.http.sampler.HTTPSamplerBase: Parser for text/vnd.wap.wml is org.apache.jmeter.protocol.http.parser.RegexpHTMLParser 
2017/03/27 15:27:48 INFO  - jmeter.protocol.http.sampler.HTTPSamplerBase: Reuse SSL session context on subsequent iterations: true 
2017/03/27 15:27:48 INFO  - jmeter.protocol.http.control.CookieManager: Settings: Delete null: true Check: true Allow variable: true Save: false Prefix: COOKIE_ 
2017/03/27 15:27:48 INFO  - jmeter.samplers.SampleResult: Note: Sample TimeStamps are START times 
2017/03/27 15:27:48 INFO  - jmeter.samplers.SampleResult: sampleresult.default.encoding is set to ISO-8859-1 
2017/03/27 15:27:48 INFO  - jmeter.samplers.SampleResult: sampleresult.useNanoTime=true 
2017/03/27 15:27:57 INFO  - jmeter.services.FileServer: Default base='/home/alumnos/e284672/Desktop/P2' 
2017/03/27 15:27:57 INFO  - jmeter.gui.action.Load: Loading file: /home/alumnos/e284672/Desktop/P2/P2.jmx 
2017/03/27 15:27:57 INFO  - jmeter.services.FileServer: Set new base '/home/alumnos/e284672/Desktop/P2' 
2017/03/27 15:27:57 INFO  - jmeter.save.SaveService: Testplan (JMX) version: 2.2. Testlog (JTL) version: 2.2 
2017/03/27 15:27:57 INFO  - jmeter.save.SaveService: Using SaveService properties file encoding UTF-8 
2017/03/27 15:27:57 INFO  - jmeter.save.SaveService: Using SaveService properties file version 1050447 
2017/03/27 15:27:57 INFO  - jmeter.save.SaveService: Using SaveService properties version 2.1 
2017/03/27 15:27:57 INFO  - jmeter.save.SaveService: All converter versions present and correct 
2017/03/27 15:27:57 INFO  - jmeter.services.FileServer: Set new base='/home/alumnos/e284672/Desktop/P2' 
2017/03/27 15:31:05 INFO  - jmeter.engine.StandardJMeterEngine: Listeners will be started after enabling running version 
2017/03/27 15:31:05 INFO  - jmeter.engine.StandardJMeterEngine: To revert to the earlier behaviour, define jmeterengine.startlistenerslater=false 
2017/03/27 15:31:05 INFO  - jmeter.engine.StandardJMeterEngine: Running the test! 
2017/03/27 15:31:05 INFO  - jmeter.gui.util.JMeterMenuBar: setRunning(true,*local*) 
2017/03/27 15:31:05 INFO  - jmeter.engine.StandardJMeterEngine: Starting 1 threads for group P1-base. 
2017/03/27 15:31:05 INFO  - jmeter.engine.StandardJMeterEngine: Thread will continue on error 
2017/03/27 15:31:05 INFO  - jmeter.threads.JMeterThread: jmeterthread.startearlier=true (see jmeter.properties) 
2017/03/27 15:31:05 INFO  - jmeter.threads.JMeterThread: Running PostProcessors in forward order 
2017/03/27 15:31:05 INFO  - jmeter.engine.StandardJMeterEngine: All threads have been started 
2017/03/27 15:31:05 INFO  - jmeter.threads.JMeterThread: Thread started: P1-base 1-1 
2017/03/27 15:31:05 INFO  - jmeter.services.FileServer: Stored: datagen/listado.csv 
2017/03/27 15:31:05 INFO  - jmeter.protocol.http.sampler.HTTPJavaImpl: Maximum connection retries = 10 
2017/03/27 15:31:24 INFO  - jmeter.threads.JMeterThread: Thread finished: P1-base 1-1 
2017/03/27 15:31:24 INFO  - jmeter.engine.StandardJMeterEngine: Ending thread P1-base 1-1 
2017/03/27 15:31:24 INFO  - jmeter.engine.StandardJMeterEngine: Notifying test listeners of end of test 
2017/03/27 15:31:24 INFO  - jmeter.services.FileServer: Close: datagen/listado.csv 
2017/03/27 15:31:24 INFO  - jmeter.gui.util.JMeterMenuBar: setRunning(false,*local*) 
2017/03/27 15:31:24 INFO  - jmeter.engine.StandardJMeterEngine: Test has ended on host null 
2017/03/27 15:35:20 INFO  - jmeter.engine.StandardJMeterEngine: Running the test! 
2017/03/27 15:35:20 INFO  - jmeter.gui.util.JMeterMenuBar: setRunning(true,*local*) 
2017/03/27 15:35:20 INFO  - jmeter.engine.StandardJMeterEngine: Starting 1 threads for group P1-base. 
2017/03/27 15:35:20 INFO  - jmeter.engine.StandardJMeterEngine: Thread will continue on error 
2017/03/27 15:35:20 INFO  - jmeter.engine.StandardJMeterEngine: All threads have been started 
2017/03/27 15:35:20 INFO  - jmeter.threads.JMeterThread: Thread started: P1-base 1-1 
2017/03/27 15:35:20 INFO  - jmeter.services.FileServer: Stored: datagen/listado.csv 
2017/03/27 15:35:30 INFO  - jmeter.threads.JMeterThread: Thread finished: P1-base 1-1 
2017/03/27 15:35:30 INFO  - jmeter.engine.StandardJMeterEngine: Ending thread P1-base 1-1 
2017/03/27 15:35:30 INFO  - jmeter.engine.StandardJMeterEngine: Notifying test listeners of end of test 
2017/03/27 15:35:30 INFO  - jmeter.services.FileServer: Close: datagen/listado.csv 
2017/03/27 15:35:30 INFO  - jmeter.gui.util.JMeterMenuBar: setRunning(false,*local*) 
2017/03/27 15:35:30 INFO  - jmeter.engine.StandardJMeterEngine: Test has ended on host null 
2017/03/27 15:35:59 INFO  - jmeter.engine.StandardJMeterEngine: Running the test! 
2017/03/27 15:35:59 INFO  - jmeter.gui.util.JMeterMenuBar: setRunning(true,*local*) 
2017/03/27 15:35:59 INFO  - jmeter.engine.StandardJMeterEngine: Starting 1 threads for group P1-base. 
2017/03/27 15:35:59 INFO  - jmeter.engine.StandardJMeterEngine: Thread will continue on error 
2017/03/27 15:35:59 INFO  - jmeter.engine.StandardJMeterEngine: All threads have been started 
2017/03/27 15:35:59 INFO  - jmeter.threads.JMeterThread: Thread started: P1-base 1-1 
2017/03/27 15:35:59 INFO  - jmeter.services.FileServer: Stored: datagen/listado.csv 
2017/03/27 15:36:08 INFO  - jmeter.threads.JMeterThread: Thread finished: P1-base 1-1 
2017/03/27 15:36:08 INFO  - jmeter.engine.StandardJMeterEngine: Ending thread P1-base 1-1 
2017/03/27 15:36:08 INFO  - jmeter.engine.StandardJMeterEngine: Notifying test listeners of end of test 
2017/03/27 15:36:08 INFO  - jmeter.services.FileServer: Close: datagen/listado.csv 
2017/03/27 15:36:08 INFO  - jmeter.gui.util.JMeterMenuBar: setRunning(false,*local*) 
2017/03/27 15:36:08 INFO  - jmeter.engine.StandardJMeterEngine: Test has ended on host null 
2017/03/27 15:36:34 INFO  - jmeter.engine.StandardJMeterEngine: Running the test! 
2017/03/27 15:36:34 INFO  - jmeter.gui.util.JMeterMenuBar: setRunning(true,*local*) 
2017/03/27 15:36:34 INFO  - jmeter.engine.StandardJMeterEngine: Starting 1 threads for group P1-base. 
2017/03/27 15:36:34 INFO  - jmeter.engine.StandardJMeterEngine: Thread will continue on error 
2017/03/27 15:36:34 INFO  - jmeter.engine.StandardJMeterEngine: All threads have been started 
2017/03/27 15:36:34 INFO  - jmeter.threads.JMeterThread: Thread started: P1-base 1-1 
2017/03/27 15:36:34 INFO  - jmeter.services.FileServer: Stored: datagen/listado.csv 
2017/03/27 15:36:42 INFO  - jmeter.threads.JMeterThread: Thread finished: P1-base 1-1 
2017/03/27 15:36:42 INFO  - jmeter.engine.StandardJMeterEngine: Ending thread P1-base 1-1 
2017/03/27 15:36:42 INFO  - jmeter.engine.StandardJMeterEngine: Notifying test listeners of end of test 
2017/03/27 15:36:42 INFO  - jmeter.services.FileServer: Close: datagen/listado.csv 
2017/03/27 15:36:42 INFO  - jmeter.gui.util.JMeterMenuBar: setRunning(false,*local*) 
2017/03/27 15:36:42 INFO  - jmeter.engine.StandardJMeterEngine: Test has ended on host null 
2017/03/27 15:37:31 INFO  - jmeter.engine.StandardJMeterEngine: Running the test! 
2017/03/27 15:37:31 INFO  - jmeter.gui.util.JMeterMenuBar: setRunning(true,*local*) 
2017/03/27 15:37:31 INFO  - jmeter.engine.StandardJMeterEngine: Starting 1 threads for group P1-base. 
2017/03/27 15:37:31 INFO  - jmeter.engine.StandardJMeterEngine: Thread will continue on error 
2017/03/27 15:37:31 INFO  - jmeter.engine.StandardJMeterEngine: All threads have been started 
2017/03/27 15:37:31 INFO  - jmeter.threads.JMeterThread: Thread started: P1-base 1-1 
2017/03/27 15:37:31 INFO  - jmeter.services.FileServer: Stored: datagen/listado.csv 
2017/03/27 15:37:40 INFO  - jmeter.threads.JMeterThread: Thread finished: P1-base 1-1 
2017/03/27 15:37:40 INFO  - jmeter.engine.StandardJMeterEngine: Ending thread P1-base 1-1 
2017/03/27 15:37:40 INFO  - jmeter.engine.StandardJMeterEngine: Notifying test listeners of end of test 
2017/03/27 15:37:40 INFO  - jmeter.services.FileServer: Close: datagen/listado.csv 
2017/03/27 15:37:40 INFO  - jmeter.gui.util.JMeterMenuBar: setRunning(false,*local*) 
2017/03/27 15:37:40 INFO  - jmeter.engine.StandardJMeterEngine: Test has ended on host null 
2017/03/27 15:43:08 INFO  - jmeter.gui.action.Load: Loading file: /home/alumnos/e284672/Desktop/P2/P2-curvaProductividad.jmx 
2017/03/27 15:43:08 INFO  - jmeter.services.FileServer: Set new base '/home/alumnos/e284672/Desktop/P2' 
2017/03/27 15:43:08 INFO  - jmeter.services.FileServer: Set new base='/home/alumnos/e284672/Desktop/P2' 
2017/03/27 15:47:33 INFO  - jmeter.util.JMeterUtils: Setting Locale to en 
2017/03/27 15:47:33 WARN  - jmeter.gui.tree.JMeterTreeNode: getIcon(): Can't obtain GUI class from org.apache.jmeter.config.RandomVariableConfig 
2017/03/27 15:47:33 WARN  - jmeter.gui.tree.JMeterTreeNode: getIcon(): Can't obtain GUI class from org.apache.jmeter.config.RandomVariableConfig 
2017/03/27 15:47:33 WARN  - jmeter.gui.tree.JMeterTreeNode: getIcon(): Can't obtain GUI class from org.apache.jmeter.config.CSVDataSet 
2017/03/27 15:47:35 WARN  - jmeter.gui.tree.JMeterTreeNode: getIcon(): Can't obtain GUI class from org.apache.jmeter.config.RandomVariableConfig 
2017/03/27 15:47:35 WARN  - jmeter.gui.tree.JMeterTreeNode: getIcon(): Can't obtain GUI class from org.apache.jmeter.config.CSVDataSet 
2017/03/27 15:47:35 WARN  - jmeter.gui.tree.JMeterTreeNode: getIcon(): Can't obtain GUI class from org.apache.jmeter.config.CSVDataSet 
2017/03/27 15:47:35 WARN  - jmeter.gui.tree.JMeterTreeNode: getIcon(): Can't obtain GUI class from org.apache.jmeter.config.RandomVariableConfig 
2017/03/27 15:47:35 WARN  - jmeter.gui.tree.JMeterTreeNode: getIcon(): Can't obtain GUI class from org.apache.jmeter.config.CSVDataSet 
2017/03/27 15:47:35 WARN  - jmeter.gui.tree.JMeterTreeNode: getIcon(): Can't obtain GUI class from org.apache.jmeter.config.RandomVariableConfig 
2017/03/27 15:47:35 WARN  - jmeter.gui.tree.JMeterTreeNode: getIcon(): Can't obtain GUI class from org.apache.jmeter.config.CSVDataSet 
2017/03/27 15:47:36 WARN  - jmeter.gui.tree.JMeterTreeNode: getIcon(): Can't obtain GUI class from org.apache.jmeter.config.CSVDataSet 
2017/03/27 15:47:36 WARN  - jmeter.gui.tree.JMeterTreeNode: getIcon(): Can't obtain GUI class from org.apache.jmeter.config.RandomVariableConfig 
2017/03/27 15:47:36 WARN  - jmeter.gui.tree.JMeterTreeNode: getIcon(): Can't obtain GUI class from org.apache.jmeter.config.RandomVariableConfig 
2017/03/27 15:47:36 WARN  - jmeter.gui.tree.JMeterTreeNode: getIcon(): Can't obtain GUI class from org.apache.jmeter.config.RandomVariableConfig 
2017/03/27 15:47:36 WARN  - jmeter.gui.tree.JMeterTreeNode: getIcon(): Can't obtain GUI class from org.apache.jmeter.config.CSVDataSet 
2017/03/27 15:47:36 WARN  - jmeter.gui.tree.JMeterTreeNode: getIcon(): Can't obtain GUI class from org.apache.jmeter.config.RandomVariableConfig 
2017/03/27 15:47:36 WARN  - jmeter.gui.tree.JMeterTreeNode: getIcon(): Can't obtain GUI class from org.apache.jmeter.config.CSVDataSet 
2017/03/27 15:47:37 WARN  - jmeter.gui.tree.JMeterTreeNode: getIcon(): Can't obtain GUI class from org.apache.jmeter.config.RandomVariableConfig 
2017/03/27 15:47:37 WARN  - jmeter.gui.tree.JMeterTreeNode: getIcon(): Can't obtain GUI class from org.apache.jmeter.config.RandomVariableConfig 
2017/03/27 15:47:37 WARN  - jmeter.gui.tree.JMeterTreeNode: getIcon(): Can't obtain GUI class from org.apache.jmeter.config.RandomVariableConfig 
2017/03/27 15:47:37 WARN  - jmeter.gui.tree.JMeterTreeNode: getIcon(): Can't obtain GUI class from org.apache.jmeter.config.CSVDataSet 
2017/03/27 15:47:39 WARN  - jmeter.gui.tree.JMeterTreeNode: getIcon(): Can't obtain GUI class from org.apache.jmeter.config.RandomVariableConfig 
2017/03/27 15:47:39 WARN  - jmeter.gui.tree.JMeterTreeNode: getIcon(): Can't obtain GUI class from org.apache.jmeter.config.CSVDataSet 
2017/03/27 15:47:40 WARN  - jmeter.gui.tree.JMeterTreeNode: getIcon(): Can't obtain GUI class from org.apache.jmeter.config.RandomVariableConfig 
2017/03/27 15:47:40 WARN  - jmeter.gui.tree.JMeterTreeNode: getIcon(): Can't obtain GUI class from org.apache.jmeter.config.CSVDataSet 
2017/03/27 15:47:42 WARN  - jmeter.gui.tree.JMeterTreeNode: getIcon(): Can't obtain GUI class from org.apache.jmeter.config.RandomVariableConfig 
2017/03/27 15:47:42 WARN  - jmeter.gui.tree.JMeterTreeNode: getIcon(): Can't obtain GUI class from org.apache.jmeter.config.CSVDataSet 
2017/03/27 15:47:51 WARN  - jmeter.gui.tree.JMeterTreeNode: getIcon(): Can't obtain GUI class from org.apache.jmeter.config.RandomVariableConfig 
2017/03/27 15:47:51 WARN  - jmeter.gui.tree.JMeterTreeNode: getIcon(): Can't obtain GUI class from org.apache.jmeter.config.CSVDataSet 
2017/03/27 15:47:51 WARN  - jmeter.gui.tree.JMeterTreeNode: getIcon(): Can't obtain GUI class from org.apache.jmeter.config.RandomVariableConfig 
2017/03/27 15:47:51 WARN  - jmeter.gui.tree.JMeterTreeNode: getIcon(): Can't obtain GUI class from org.apache.jmeter.config.CSVDataSet 
2017/03/27 15:47:52 WARN  - jmeter.gui.tree.JMeterTreeNode: getIcon(): Can't obtain GUI class from org.apache.jmeter.config.RandomVariableConfig 
2017/03/27 15:47:52 WARN  - jmeter.gui.tree.JMeterTreeNode: getIcon(): Can't obtain GUI class from org.apache.jmeter.config.CSVDataSet 
2017/03/27 15:47:53 WARN  - jmeter.gui.tree.JMeterTreeNode: getIcon(): Can't obtain GUI class from org.apache.jmeter.config.RandomVariableConfig 
2017/03/27 15:47:53 WARN  - jmeter.gui.tree.JMeterTreeNode: getIcon(): Can't obtain GUI class from org.apache.jmeter.config.CSVDataSet 
2017/03/27 15:47:54 WARN  - jmeter.gui.tree.JMeterTreeNode: getIcon(): Can't obtain GUI class from org.apache.jmeter.config.CSVDataSet 
2017/03/27 15:47:54 WARN  - jmeter.gui.tree.JMeterTreeNode: getIcon(): Can't obtain GUI class from org.apache.jmeter.config.CSVDataSet 
2017/03/27 15:47:54 WARN  - jmeter.gui.tree.JMeterTreeNode: getIcon(): Can't obtain GUI class from org.apache.jmeter.config.CSVDataSet 
2017/03/27 15:47:55 WARN  - jmeter.gui.tree.JMeterTreeNode: getIcon(): Can't obtain GUI class from org.apache.jmeter.config.RandomVariableConfig 
2017/03/27 15:47:55 WARN  - jmeter.gui.tree.JMeterTreeNode: getIcon(): Can't obtain GUI class from org.apache.jmeter.config.CSVDataSet 
2017/03/27 15:47:56 WARN  - jmeter.gui.tree.JMeterTreeNode: getIcon(): Can't obtain GUI class from org.apache.jmeter.config.RandomVariableConfig 
2017/03/27 15:47:56 WARN  - jmeter.gui.tree.JMeterTreeNode: getIcon(): Can't obtain GUI class from org.apache.jmeter.config.CSVDataSet 
2017/03/27 15:47:56 WARN  - jmeter.gui.tree.JMeterTreeNode: getIcon(): Can't obtain GUI class from org.apache.jmeter.config.CSVDataSet 
2017/03/27 15:48:08 WARN  - jmeter.gui.tree.JMeterTreeNode: getIcon(): Can't obtain GUI class from org.apache.jmeter.config.CSVDataSet 
2017/03/27 15:48:09 WARN  - jmeter.gui.tree.JMeterTreeNode: getIcon(): Can't obtain GUI class from org.apache.jmeter.config.CSVDataSet 
2017/03/27 15:48:09 WARN  - jmeter.gui.tree.JMeterTreeNode: getIcon(): Can't obtain GUI class from org.apache.jmeter.config.RandomVariableConfig 
2017/03/27 15:48:09 WARN  - jmeter.gui.tree.JMeterTreeNode: getIcon(): Can't obtain GUI class from org.apache.jmeter.config.CSVDataSet 
2017/03/27 15:48:09 WARN  - jmeter.gui.tree.JMeterTreeNode: getIcon(): Can't obtain GUI class from org.apache.jmeter.config.RandomVariableConfig 
2017/03/27 15:48:09 WARN  - jmeter.gui.tree.JMeterTreeNode: getIcon(): Can't obtain GUI class from org.apache.jmeter.config.CSVDataSet 
2017/03/27 15:48:11 WARN  - jmeter.gui.tree.JMeterTreeNode: getIcon(): Can't obtain GUI class from org.apache.jmeter.config.RandomVariableConfig 
2017/03/27 15:48:11 WARN  - jmeter.gui.tree.JMeterTreeNode: getIcon(): Can't obtain GUI class from org.apache.jmeter.config.CSVDataSet 
2017/03/27 15:48:41 WARN  - jmeter.gui.tree.JMeterTreeNode: getIcon(): Can't obtain GUI class from org.apache.jmeter.config.RandomVariableConfig 
2017/03/27 15:48:41 WARN  - jmeter.gui.tree.JMeterTreeNode: getIcon(): Can't obtain GUI class from org.apache.jmeter.config.CSVDataSet 
2017/03/27 15:49:10 WARN  - jmeter.gui.tree.JMeterTreeNode: getIcon(): Can't obtain GUI class from org.apache.jmeter.config.RandomVariableConfig 
2017/03/27 15:49:10 WARN  - jmeter.gui.tree.JMeterTreeNode: getIcon(): Can't obtain GUI class from org.apache.jmeter.config.CSVDataSet 
2017/03/27 15:49:18 WARN  - jmeter.gui.tree.JMeterTreeNode: getIcon(): Can't obtain GUI class from org.apache.jmeter.config.RandomVariableConfig 
2017/03/27 15:49:18 WARN  - jmeter.gui.tree.JMeterTreeNode: getIcon(): Can't obtain GUI class from org.apache.jmeter.config.CSVDataSet 
2017/03/27 15:49:29 WARN  - jmeter.gui.tree.JMeterTreeNode: getIcon(): Can't obtain GUI class from org.apache.jmeter.config.RandomVariableConfig 
2017/03/27 15:49:29 WARN  - jmeter.gui.tree.JMeterTreeNode: getIcon(): Can't obtain GUI class from org.apache.jmeter.config.CSVDataSet 
2017/03/27 15:49:31 WARN  - jmeter.gui.tree.JMeterTreeNode: getIcon(): Can't obtain GUI class from org.apache.jmeter.config.RandomVariableConfig 
2017/03/27 15:49:31 WARN  - jmeter.gui.tree.JMeterTreeNode: getIcon(): Can't obtain GUI class from org.apache.jmeter.config.CSVDataSet 
2017/03/27 15:49:33 INFO  - jmeter.gui.action.Load: Loading file: /home/alumnos/e284672/Desktop/P2/P2.jmx 
2017/03/27 15:49:33 INFO  - jmeter.services.FileServer: Set new base '/home/alumnos/e284672/Desktop/P2' 
2017/03/27 15:49:33 WARN  - jmeter.gui.tree.JMeterTreeNode: getIcon(): Can't obtain GUI class from org.apache.jmeter.config.RandomVariableConfig 
2017/03/27 15:49:33 WARN  - jmeter.gui.tree.JMeterTreeNode: getIcon(): Can't obtain GUI class from org.apache.jmeter.config.CSVDataSet 
2017/03/27 15:49:33 WARN  - jmeter.gui.tree.JMeterTreeNode: getIcon(): Can't obtain GUI class from org.apache.jmeter.config.RandomVariableConfig 
2017/03/27 15:49:33 WARN  - jmeter.gui.tree.JMeterTreeNode: getIcon(): Can't obtain GUI class from org.apache.jmeter.config.CSVDataSet 
2017/03/27 15:49:33 WARN  - jmeter.gui.tree.JMeterTreeNode: getIcon(): Can't obtain GUI class from org.apache.jmeter.config.RandomVariableConfig 
2017/03/27 15:49:33 WARN  - jmeter.gui.tree.JMeterTreeNode: getIcon(): Can't obtain GUI class from org.apache.jmeter.config.CSVDataSet 
2017/03/27 15:49:33 INFO  - jmeter.services.FileServer: Set new base='/home/alumnos/e284672/Desktop/P2' 
2017/03/27 15:49:33 WARN  - jmeter.gui.tree.JMeterTreeNode: getIcon(): Can't obtain GUI class from org.apache.jmeter.config.RandomVariableConfig 
2017/03/27 15:49:33 WARN  - jmeter.gui.tree.JMeterTreeNode: getIcon(): Can't obtain GUI class from org.apache.jmeter.config.CSVDataSet 
2017/03/27 15:49:33 WARN  - jmeter.gui.tree.JMeterTreeNode: getIcon(): Can't obtain GUI class from org.apache.jmeter.config.RandomVariableConfig 
2017/03/27 15:49:33 WARN  - jmeter.gui.tree.JMeterTreeNode: getIcon(): Can't obtain GUI class from org.apache.jmeter.config.CSVDataSet 
2017/03/27 15:49:33 WARN  - jmeter.gui.tree.JMeterTreeNode: getIcon(): Can't obtain GUI class from org.apache.jmeter.config.RandomVariableConfig 
2017/03/27 15:49:33 WARN  - jmeter.gui.tree.JMeterTreeNode: getIcon(): Can't obtain GUI class from org.apache.jmeter.config.CSVDataSet 
2017/03/27 15:49:35 WARN  - jmeter.gui.tree.JMeterTreeNode: getIcon(): Can't obtain GUI class from org.apache.jmeter.config.RandomVariableConfig 
2017/03/27 15:49:35 WARN  - jmeter.gui.tree.JMeterTreeNode: getIcon(): Can't obtain GUI class from org.apache.jmeter.config.CSVDataSet 
2017/03/27 15:49:35 WARN  - jmeter.gui.tree.JMeterTreeNode: getIcon(): Can't obtain GUI class from org.apache.jmeter.config.RandomVariableConfig 
2017/03/27 15:49:35 WARN  - jmeter.gui.tree.JMeterTreeNode: getIcon(): Can't obtain GUI class from org.apache.jmeter.config.CSVDataSet 
2017/03/27 15:49:35 WARN  - jmeter.gui.tree.JMeterTreeNode: getIcon(): Can't obtain GUI class from org.apache.jmeter.config.RandomVariableConfig 
2017/03/27 15:49:35 WARN  - jmeter.gui.tree.JMeterTreeNode: getIcon(): Can't obtain GUI class from org.apache.jmeter.config.CSVDataSet 
2017/03/27 15:49:36 WARN  - jmeter.gui.tree.JMeterTreeNode: getIcon(): Can't obtain GUI class from org.apache.jmeter.config.RandomVariableConfig 
2017/03/27 15:49:36 WARN  - jmeter.gui.tree.JMeterTreeNode: getIcon(): Can't obtain GUI class from org.apache.jmeter.config.CSVDataSet 
2017/03/27 15:49:36 WARN  - jmeter.gui.tree.JMeterTreeNode: getIcon(): Can't obtain GUI class from org.apache.jmeter.config.RandomVariableConfig 
2017/03/27 15:49:36 WARN  - jmeter.gui.tree.JMeterTreeNode: getIcon(): Can't obtain GUI class from org.apache.jmeter.config.CSVDataSet 
2017/03/27 15:49:36 WARN  - jmeter.gui.tree.JMeterTreeNode: getIcon(): Can't obtain GUI class from org.apache.jmeter.config.RandomVariableConfig 
2017/03/27 15:49:36 WARN  - jmeter.gui.tree.JMeterTreeNode: getIcon(): Can't obtain GUI class from org.apache.jmeter.config.CSVDataSet 
2017/03/27 15:49:37 WARN  - jmeter.gui.tree.JMeterTreeNode: getIcon(): Can't obtain GUI class from org.apache.jmeter.config.RandomVariableConfig 
2017/03/27 15:49:37 WARN  - jmeter.gui.tree.JMeterTreeNode: getIcon(): Can't obtain GUI class from org.apache.jmeter.config.CSVDataSet 
2017/03/27 15:49:37 WARN  - jmeter.gui.tree.JMeterTreeNode: getIcon(): Can't obtain GUI class from org.apache.jmeter.config.RandomVariableConfig 
2017/03/27 15:49:37 WARN  - jmeter.gui.tree.JMeterTreeNode: getIcon(): Can't obtain GUI class from org.apache.jmeter.config.CSVDataSet 
2017/03/27 15:49:37 WARN  - jmeter.gui.tree.JMeterTreeNode: getIcon(): Can't obtain GUI class from org.apache.jmeter.config.RandomVariableConfig 
2017/03/27 15:49:37 WARN  - jmeter.gui.tree.JMeterTreeNode: getIcon(): Can't obtain GUI class from org.apache.jmeter.config.CSVDataSet 
2017/03/27 15:49:39 WARN  - jmeter.gui.tree.JMeterTreeNode: getIcon(): Can't obtain GUI class from org.apache.jmeter.config.RandomVariableConfig 
2017/03/27 15:49:39 WARN  - jmeter.gui.tree.JMeterTreeNode: getIcon(): Can't obtain GUI class from org.apache.jmeter.config.CSVDataSet 
2017/03/27 15:49:39 WARN  - jmeter.gui.tree.JMeterTreeNode: getIcon(): Can't obtain GUI class from org.apache.jmeter.config.RandomVariableConfig 
2017/03/27 15:49:39 WARN  - jmeter.gui.tree.JMeterTreeNode: getIcon(): Can't obtain GUI class from org.apache.jmeter.config.CSVDataSet 
2017/03/27 15:49:39 WARN  - jmeter.gui.tree.JMeterTreeNode: getIcon(): Can't obtain GUI class from org.apache.jmeter.config.RandomVariableConfig 
2017/03/27 15:49:39 WARN  - jmeter.gui.tree.JMeterTreeNode: getIcon(): Can't obtain GUI class from org.apache.jmeter.config.CSVDataSet 
2017/03/27 15:49:40 WARN  - jmeter.gui.tree.JMeterTreeNode: getIcon(): Can't obtain GUI class from org.apache.jmeter.config.RandomVariableConfig 
2017/03/27 15:49:40 WARN  - jmeter.gui.tree.JMeterTreeNode: getIcon(): Can't obtain GUI class from org.apache.jmeter.config.RandomVariableConfig 
2017/03/27 15:49:40 WARN  - jmeter.gui.tree.JMeterTreeNode: getIcon(): Can't obtain GUI class from org.apache.jmeter.config.RandomVariableConfig 
2017/03/27 15:49:40 WARN  - jmeter.gui.tree.JMeterTreeNode: getIcon(): Can't obtain GUI class from org.apache.jmeter.config.RandomVariableConfig 
2017/03/27 15:49:40 WARN  - jmeter.gui.tree.JMeterTreeNode: getIcon(): Can't obtain GUI class from org.apache.jmeter.config.CSVDataSet 
2017/03/27 15:49:40 WARN  - jmeter.gui.tree.JMeterTreeNode: getIcon(): Can't obtain GUI class from org.apache.jmeter.config.RandomVariableConfig 
2017/03/27 15:49:40 WARN  - jmeter.gui.tree.JMeterTreeNode: getIcon(): Can't obtain GUI class from org.apache.jmeter.config.CSVDataSet 
2017/03/27 15:49:40 WARN  - jmeter.gui.tree.JMeterTreeNode: getIcon(): Can't obtain GUI class from org.apache.jmeter.config.RandomVariableConfig 
2017/03/27 15:49:40 WARN  - jmeter.gui.tree.JMeterTreeNode: getIcon(): Can't obtain GUI class from org.apache.jmeter.config.CSVDataSet 
2017/03/27 15:49:45 WARN  - jmeter.gui.tree.JMeterTreeNode: getIcon(): Can't obtain GUI class from org.apache.jmeter.config.RandomVariableConfig 
2017/03/27 15:49:45 WARN  - jmeter.gui.tree.JMeterTreeNode: getIcon(): Can't obtain GUI class from org.apache.jmeter.config.RandomVariableConfig 
2017/03/27 15:49:45 WARN  - jmeter.gui.tree.JMeterTreeNode: getIcon(): Can't obtain GUI class from org.apache.jmeter.config.RandomVariableConfig 
2017/03/27 15:49:45 WARN  - jmeter.gui.tree.JMeterTreeNode: getIcon(): Can't obtain GUI class from org.apache.jmeter.config.CSVDataSet 
2017/03/27 15:49:45 WARN  - jmeter.gui.tree.JMeterTreeNode: getIcon(): Can't obtain GUI class from org.apache.jmeter.config.RandomVariableConfig 
2017/03/27 15:49:45 WARN  - jmeter.gui.tree.JMeterTreeNode: getIcon(): Can't obtain GUI class from org.apache.jmeter.config.CSVDataSet 
2017/03/27 15:49:45 WARN  - jmeter.gui.tree.JMeterTreeNode: getIcon(): Can't obtain GUI class from org.apache.jmeter.config.RandomVariableConfig 
2017/03/27 15:49:45 WARN  - jmeter.gui.tree.JMeterTreeNode: getIcon(): Can't obtain GUI class from org.apache.jmeter.config.CSVDataSet 
2017/03/27 15:49:46 WARN  - jmeter.gui.tree.JMeterTreeNode: getIcon(): Can't obtain GUI class from org.apache.jmeter.config.CSVDataSet 
2017/03/27 15:49:46 WARN  - jmeter.gui.tree.JMeterTreeNode: getIcon(): Can't obtain GUI class from org.apache.jmeter.config.CSVDataSet 
2017/03/27 15:49:46 WARN  - jmeter.gui.tree.JMeterTreeNode: getIcon(): Can't obtain GUI class from org.apache.jmeter.config.CSVDataSet 
2017/03/27 15:49:46 WARN  - jmeter.gui.tree.JMeterTreeNode: getIcon(): Can't obtain GUI class from org.apache.jmeter.config.RandomVariableConfig 
2017/03/27 15:49:46 WARN  - jmeter.gui.tree.JMeterTreeNode: getIcon(): Can't obtain GUI class from org.apache.jmeter.config.CSVDataSet 
2017/03/27 15:49:46 WARN  - jmeter.gui.tree.JMeterTreeNode: getIcon(): Can't obtain GUI class from org.apache.jmeter.config.RandomVariableConfig 
2017/03/27 15:49:46 WARN  - jmeter.gui.tree.JMeterTreeNode: getIcon(): Can't obtain GUI class from org.apache.jmeter.config.CSVDataSet 
2017/03/27 15:49:46 WARN  - jmeter.gui.tree.JMeterTreeNode: getIcon(): Can't obtain GUI class from org.apache.jmeter.config.RandomVariableConfig 
2017/03/27 15:49:46 WARN  - jmeter.gui.tree.JMeterTreeNode: getIcon(): Can't obtain GUI class from org.apache.jmeter.config.CSVDataSet 
2017/03/27 15:49:48 WARN  - jmeter.gui.tree.JMeterTreeNode: getIcon(): Can't obtain GUI class from org.apache.jmeter.config.CSVDataSet 
2017/03/27 15:49:48 WARN  - jmeter.gui.tree.JMeterTreeNode: getIcon(): Can't obtain GUI class from org.apache.jmeter.config.RandomVariableConfig 
2017/03/27 15:49:48 WARN  - jmeter.gui.tree.JMeterTreeNode: getIcon(): Can't obtain GUI class from org.apache.jmeter.config.CSVDataSet 
2017/03/27 15:49:48 WARN  - jmeter.gui.tree.JMeterTreeNode: getIcon(): Can't obtain GUI class from org.apache.jmeter.config.RandomVariableConfig 
2017/03/27 15:49:48 WARN  - jmeter.gui.tree.JMeterTreeNode: getIcon(): Can't obtain GUI class from org.apache.jmeter.config.CSVDataSet 
2017/03/27 15:49:48 WARN  - jmeter.gui.tree.JMeterTreeNode: getIcon(): Can't obtain GUI class from org.apache.jmeter.config.RandomVariableConfig 
2017/03/27 15:49:48 WARN  - jmeter.gui.tree.JMeterTreeNode: getIcon(): Can't obtain GUI class from org.apache.jmeter.config.CSVDataSet 
2017/03/27 15:49:48 WARN  - jmeter.gui.tree.JMeterTreeNode: getIcon(): Can't obtain GUI class from org.apache.jmeter.config.RandomVariableConfig 
2017/03/27 15:49:48 WARN  - jmeter.gui.tree.JMeterTreeNode: getIcon(): Can't obtain GUI class from org.apache.jmeter.config.CSVDataSet 
2017/03/27 15:49:48 WARN  - jmeter.gui.tree.JMeterTreeNode: getIcon(): Can't obtain GUI class from org.apache.jmeter.config.RandomVariableConfig 
2017/03/27 15:49:48 WARN  - jmeter.gui.tree.JMeterTreeNode: getIcon(): Can't obtain GUI class from org.apache.jmeter.config.CSVDataSet 
2017/03/27 15:49:48 WARN  - jmeter.gui.tree.JMeterTreeNode: getIcon(): Can't obtain GUI class from org.apache.jmeter.config.RandomVariableConfig 
2017/03/27 15:49:48 WARN  - jmeter.gui.tree.JMeterTreeNode: getIcon(): Can't obtain GUI class from org.apache.jmeter.config.CSVDataSet 
2017/03/27 15:49:50 WARN  - jmeter.gui.tree.JMeterTreeNode: getIcon(): Can't obtain GUI class from org.apache.jmeter.config.RandomVariableConfig 
2017/03/27 15:49:50 WARN  - jmeter.gui.tree.JMeterTreeNode: getIcon(): Can't obtain GUI class from org.apache.jmeter.config.CSVDataSet 
2017/03/27 15:49:50 WARN  - jmeter.gui.tree.JMeterTreeNode: getIcon(): Can't obtain GUI class from org.apache.jmeter.config.RandomVariableConfig 
2017/03/27 15:49:50 WARN  - jmeter.gui.tree.JMeterTreeNode: getIcon(): Can't obtain GUI class from org.apache.jmeter.config.CSVDataSet 
2017/03/27 15:49:50 WARN  - jmeter.gui.tree.JMeterTreeNode: getIcon(): Can't obtain GUI class from org.apache.jmeter.config.RandomVariableConfig 
2017/03/27 15:49:50 WARN  - jmeter.gui.tree.JMeterTreeNode: getIcon(): Can't obtain GUI class from org.apache.jmeter.config.CSVDataSet 
2017/03/27 15:49:53 WARN  - jmeter.gui.tree.JMeterTreeNode: getIcon(): Can't obtain GUI class from org.apache.jmeter.config.RandomVariableConfig 
2017/03/27 15:49:53 WARN  - jmeter.gui.tree.JMeterTreeNode: getIcon(): Can't obtain GUI class from org.apache.jmeter.config.CSVDataSet 
2017/03/27 15:49:53 WARN  - jmeter.gui.tree.JMeterTreeNode: getIcon(): Can't obtain GUI class from org.apache.jmeter.config.RandomVariableConfig 
2017/03/27 15:49:53 WARN  - jmeter.gui.tree.JMeterTreeNode: getIcon(): Can't obtain GUI class from org.apache.jmeter.config.CSVDataSet 
2017/03/27 15:49:53 WARN  - jmeter.gui.tree.JMeterTreeNode: getIcon(): Can't obtain GUI class from org.apache.jmeter.config.RandomVariableConfig 
2017/03/27 15:49:53 WARN  - jmeter.gui.tree.JMeterTreeNode: getIcon(): Can't obtain GUI class from org.apache.jmeter.config.CSVDataSet 
2017/03/27 15:49:53 WARN  - jmeter.gui.tree.JMeterTreeNode: getIcon(): Can't obtain GUI class from org.apache.jmeter.config.RandomVariableConfig 
2017/03/27 15:49:53 WARN  - jmeter.gui.tree.JMeterTreeNode: getIcon(): Can't obtain GUI class from org.apache.jmeter.config.CSVDataSet 
2017/03/27 15:49:56 WARN  - jmeter.gui.tree.JMeterTreeNode: getIcon(): Can't obtain GUI class from org.apache.jmeter.config.RandomVariableConfig 
2017/03/27 15:49:56 WARN  - jmeter.gui.tree.JMeterTreeNode: getIcon(): Can't obtain GUI class from org.apache.jmeter.config.CSVDataSet 
2017/03/27 15:49:56 WARN  - jmeter.gui.tree.JMeterTreeNode: getIcon(): Can't obtain GUI class from org.apache.jmeter.config.RandomVariableConfig 
2017/03/27 15:49:56 WARN  - jmeter.gui.tree.JMeterTreeNode: getIcon(): Can't obtain GUI class from org.apache.jmeter.config.CSVDataSet 
2017/03/27 15:49:56 WARN  - jmeter.gui.tree.JMeterTreeNode: getIcon(): Can't obtain GUI class from org.apache.jmeter.config.RandomVariableConfig 
2017/03/27 15:49:56 WARN  - jmeter.gui.tree.JMeterTreeNode: getIcon(): Can't obtain GUI class from org.apache.jmeter.config.CSVDataSet 
2017/03/27 15:50:03 WARN  - jmeter.gui.tree.JMeterTreeNode: getIcon(): Can't obtain GUI class from org.apache.jmeter.config.RandomVariableConfig 
2017/03/27 15:50:03 WARN  - jmeter.gui.tree.JMeterTreeNode: getIcon(): Can't obtain GUI class from org.apache.jmeter.config.CSVDataSet 
2017/03/27 15:50:03 WARN  - jmeter.gui.tree.JMeterTreeNode: getIcon(): Can't obtain GUI class from org.apache.jmeter.config.RandomVariableConfig 
2017/03/27 15:50:03 WARN  - jmeter.gui.tree.JMeterTreeNode: getIcon(): Can't obtain GUI class from org.apache.jmeter.config.CSVDataSet 
2017/03/27 15:50:03 WARN  - jmeter.gui.tree.JMeterTreeNode: getIcon(): Can't obtain GUI class from org.apache.jmeter.config.RandomVariableConfig 
2017/03/27 15:50:03 WARN  - jmeter.gui.tree.JMeterTreeNode: getIcon(): Can't obtain GUI class from org.apache.jmeter.config.CSVDataSet 
2017/03/27 15:50:03 WARN  - jmeter.gui.tree.JMeterTreeNode: getIcon(): Can't obtain GUI class from org.apache.jmeter.config.RandomVariableConfig 
2017/03/27 15:50:03 WARN  - jmeter.gui.tree.JMeterTreeNode: getIcon(): Can't obtain GUI class from org.apache.jmeter.config.CSVDataSet 
2017/03/27 15:50:03 WARN  - jmeter.gui.tree.JMeterTreeNode: getIcon(): Can't obtain GUI class from org.apache.jmeter.config.RandomVariableConfig 
2017/03/27 15:50:03 WARN  - jmeter.gui.tree.JMeterTreeNode: getIcon(): Can't obtain GUI class from org.apache.jmeter.config.CSVDataSet 
2017/03/27 15:50:03 WARN  - jmeter.gui.tree.JMeterTreeNode: getIcon(): Can't obtain GUI class from org.apache.jmeter.config.RandomVariableConfig 
2017/03/27 15:50:03 WARN  - jmeter.gui.tree.JMeterTreeNode: getIcon(): Can't obtain GUI class from org.apache.jmeter.config.CSVDataSet 
2017/03/27 15:50:04 WARN  - jmeter.gui.tree.JMeterTreeNode: getIcon(): Can't obtain GUI class from org.apache.jmeter.config.RandomVariableConfig 
2017/03/27 15:50:04 WARN  - jmeter.gui.tree.JMeterTreeNode: getIcon(): Can't obtain GUI class from org.apache.jmeter.config.CSVDataSet 
2017/03/27 15:50:07 INFO  - jmeter.gui.action.Load: Loading file: /home/alumnos/e284672/Desktop/P2/P2-curvaProductividad.jmx 
2017/03/27 15:50:07 INFO  - jmeter.services.FileServer: Set new base '/home/alumnos/e284672/Desktop/P2' 
2017/03/27 15:50:07 WARN  - jmeter.gui.tree.JMeterTreeNode: getIcon(): Can't obtain GUI class from org.apache.jmeter.config.RandomVariableConfig 
2017/03/27 15:50:07 WARN  - jmeter.gui.tree.JMeterTreeNode: getIcon(): Can't obtain GUI class from org.apache.jmeter.config.CSVDataSet 
2017/03/27 15:50:07 INFO  - jmeter.services.FileServer: Set new base='/home/alumnos/e284672/Desktop/P2' 
2017/03/27 15:50:07 WARN  - jmeter.gui.tree.JMeterTreeNode: getIcon(): Can't obtain GUI class from org.apache.jmeter.config.RandomVariableConfig 
2017/03/27 15:50:07 WARN  - jmeter.gui.tree.JMeterTreeNode: getIcon(): Can't obtain GUI class from org.apache.jmeter.config.CSVDataSet 
2017/03/27 15:50:09 WARN  - jmeter.gui.tree.JMeterTreeNode: getIcon(): Can't obtain GUI class from org.apache.jmeter.config.RandomVariableConfig 
2017/03/27 15:50:09 WARN  - jmeter.gui.tree.JMeterTreeNode: getIcon(): Can't obtain GUI class from org.apache.jmeter.config.CSVDataSet 
2017/03/27 15:50:24 WARN  - jmeter.gui.tree.JMeterTreeNode: getIcon(): Can't obtain GUI class from org.apache.jmeter.config.RandomVariableConfig 
2017/03/27 15:50:24 WARN  - jmeter.gui.tree.JMeterTreeNode: getIcon(): Can't obtain GUI class from org.apache.jmeter.config.CSVDataSet 
2017/03/27 15:50:28 WARN  - jmeter.gui.tree.JMeterTreeNode: getIcon(): Can't obtain GUI class from org.apache.jmeter.config.RandomVariableConfig 
2017/03/27 15:50:28 WARN  - jmeter.gui.tree.JMeterTreeNode: getIcon(): Can't obtain GUI class from org.apache.jmeter.config.CSVDataSet 
2017/03/27 15:50:32 WARN  - jmeter.gui.tree.JMeterTreeNode: getIcon(): Can't obtain GUI class from org.apache.jmeter.config.RandomVariableConfig 
2017/03/27 15:50:32 WARN  - jmeter.gui.tree.JMeterTreeNode: getIcon(): Can't obtain GUI class from org.apache.jmeter.config.CSVDataSet 
2017/03/27 15:50:32 WARN  - jmeter.gui.tree.JMeterTreeNode: getIcon(): Can't obtain GUI class from org.apache.jmeter.config.RandomVariableConfig 
2017/03/27 15:50:32 WARN  - jmeter.gui.tree.JMeterTreeNode: getIcon(): Can't obtain GUI class from org.apache.jmeter.config.CSVDataSet 
2017/03/27 15:50:32 WARN  - jmeter.gui.tree.JMeterTreeNode: getIcon(): Can't obtain GUI class from org.apache.jmeter.config.RandomVariableConfig 
2017/03/27 15:50:32 WARN  - jmeter.gui.tree.JMeterTreeNode: getIcon(): Can't obtain GUI class from org.apache.jmeter.config.CSVDataSet 
2017/03/27 15:50:59 WARN  - jmeter.gui.tree.JMeterTreeNode: getIcon(): Can't obtain GUI class from org.apache.jmeter.config.RandomVariableConfig 
2017/03/27 15:50:59 WARN  - jmeter.gui.tree.JMeterTreeNode: getIcon(): Can't obtain GUI class from org.apache.jmeter.config.CSVDataSet 
2017/03/27 15:51:00 WARN  - jmeter.gui.tree.JMeterTreeNode: getIcon(): Can't obtain GUI class from org.apache.jmeter.config.RandomVariableConfig 
2017/03/27 15:51:00 WARN  - jmeter.gui.tree.JMeterTreeNode: getIcon(): Can't obtain GUI class from org.apache.jmeter.config.CSVDataSet 
2017/03/27 15:51:00 WARN  - jmeter.gui.tree.JMeterTreeNode: getIcon(): Can't obtain GUI class from org.apache.jmeter.config.RandomVariableConfig 
2017/03/27 15:51:00 WARN  - jmeter.gui.tree.JMeterTreeNode: getIcon(): Can't obtain GUI class from org.apache.jmeter.config.CSVDataSet 
2017/03/27 15:51:02 WARN  - jmeter.gui.tree.JMeterTreeNode: getIcon(): Can't obtain GUI class from org.apache.jmeter.config.RandomVariableConfig 
2017/03/27 15:51:02 WARN  - jmeter.gui.tree.JMeterTreeNode: getIcon(): Can't obtain GUI class from org.apache.jmeter.config.CSVDataSet 
2017/03/27 15:51:57 WARN  - jmeter.gui.tree.JMeterTreeNode: getIcon(): Can't obtain GUI class from org.apache.jmeter.config.RandomVariableConfig 
2017/03/27 15:51:57 WARN  - jmeter.gui.tree.JMeterTreeNode: getIcon(): Can't obtain GUI class from org.apache.jmeter.config.CSVDataSet 
2017/03/27 15:51:58 WARN  - jmeter.gui.tree.JMeterTreeNode: getIcon(): Can't obtain GUI class from org.apache.jmeter.config.RandomVariableConfig 
2017/03/27 15:51:58 WARN  - jmeter.gui.tree.JMeterTreeNode: getIcon(): Can't obtain GUI class from org.apache.jmeter.config.CSVDataSet 
2017/03/27 15:51:59 WARN  - jmeter.gui.tree.JMeterTreeNode: getIcon(): Can't obtain GUI class from org.apache.jmeter.config.RandomVariableConfig 
2017/03/27 15:51:59 WARN  - jmeter.gui.tree.JMeterTreeNode: getIcon(): Can't obtain GUI class from org.apache.jmeter.config.CSVDataSet 
2017/03/27 15:52:00 WARN  - jmeter.gui.tree.JMeterTreeNode: getIcon(): Can't obtain GUI class from org.apache.jmeter.config.RandomVariableConfig 
2017/03/27 15:52:00 WARN  - jmeter.gui.tree.JMeterTreeNode: getIcon(): Can't obtain GUI class from org.apache.jmeter.config.CSVDataSet 
2017/03/27 15:52:00 WARN  - jmeter.gui.tree.JMeterTreeNode: getIcon(): Can't obtain GUI class from org.apache.jmeter.config.RandomVariableConfig 
2017/03/27 15:52:00 WARN  - jmeter.gui.tree.JMeterTreeNode: getIcon(): Can't obtain GUI class from org.apache.jmeter.config.CSVDataSet 
2017/03/27 15:52:04 WARN  - jmeter.gui.tree.JMeterTreeNode: getIcon(): Can't obtain GUI class from org.apache.jmeter.config.RandomVariableConfig 
2017/03/27 15:52:04 WARN  - jmeter.gui.tree.JMeterTreeNode: getIcon(): Can't obtain GUI class from org.apache.jmeter.config.CSVDataSet 
2017/03/27 15:52:04 WARN  - jmeter.gui.tree.JMeterTreeNode: getIcon(): Can't obtain GUI class from org.apache.jmeter.config.RandomVariableConfig 
2017/03/27 15:52:04 WARN  - jmeter.gui.tree.JMeterTreeNode: getIcon(): Can't obtain GUI class from org.apache.jmeter.config.CSVDataSet 
2017/03/27 15:52:06 WARN  - jmeter.gui.tree.JMeterTreeNode: getIcon(): Can't obtain GUI class from org.apache.jmeter.config.RandomVariableConfig 
2017/03/27 15:52:06 WARN  - jmeter.gui.tree.JMeterTreeNode: getIcon(): Can't obtain GUI class from org.apache.jmeter.config.CSVDataSet 
2017/03/27 15:52:06 WARN  - jmeter.gui.tree.JMeterTreeNode: getIcon(): Can't obtain GUI class from org.apache.jmeter.config.RandomVariableConfig 
2017/03/27 15:52:06 WARN  - jmeter.gui.tree.JMeterTreeNode: getIcon(): Can't obtain GUI class from org.apache.jmeter.config.CSVDataSet 
2017/03/27 15:52:14 WARN  - jmeter.gui.tree.JMeterTreeNode: getIcon(): Can't obtain GUI class from org.apache.jmeter.config.RandomVariableConfig 
2017/03/27 15:52:14 WARN  - jmeter.gui.tree.JMeterTreeNode: getIcon(): Can't obtain GUI class from org.apache.jmeter.config.CSVDataSet 
2017/03/27 15:52:16 WARN  - jmeter.gui.tree.JMeterTreeNode: getIcon(): Can't obtain GUI class from org.apache.jmeter.config.RandomVariableConfig 
2017/03/27 15:52:16 WARN  - jmeter.gui.tree.JMeterTreeNode: getIcon(): Can't obtain GUI class from org.apache.jmeter.config.CSVDataSet 
2017/03/27 15:52:18 WARN  - jmeter.gui.tree.JMeterTreeNode: getIcon(): Can't obtain GUI class from org.apache.jmeter.config.RandomVariableConfig 
2017/03/27 15:52:18 WARN  - jmeter.gui.tree.JMeterTreeNode: getIcon(): Can't obtain GUI class from org.apache.jmeter.config.CSVDataSet 
2017/03/27 15:52:18 WARN  - jmeter.gui.tree.JMeterTreeNode: getIcon(): Can't obtain GUI class from org.apache.jmeter.config.RandomVariableConfig 
2017/03/27 15:52:18 WARN  - jmeter.gui.tree.JMeterTreeNode: getIcon(): Can't obtain GUI class from org.apache.jmeter.config.CSVDataSet 
2017/03/27 15:52:19 WARN  - jmeter.gui.tree.JMeterTreeNode: getIcon(): Can't obtain GUI class from org.apache.jmeter.config.RandomVariableConfig 
2017/03/27 15:52:19 WARN  - jmeter.gui.tree.JMeterTreeNode: getIcon(): Can't obtain GUI class from org.apache.jmeter.config.CSVDataSet 
2017/03/27 15:52:20 WARN  - jmeter.gui.tree.JMeterTreeNode: getIcon(): Can't obtain GUI class from org.apache.jmeter.config.RandomVariableConfig 
2017/03/27 15:52:20 WARN  - jmeter.gui.tree.JMeterTreeNode: getIcon(): Can't obtain GUI class from org.apache.jmeter.config.CSVDataSet 
2017/03/27 15:52:21 WARN  - jmeter.gui.tree.JMeterTreeNode: getIcon(): Can't obtain GUI class from org.apache.jmeter.config.RandomVariableConfig 
2017/03/27 15:52:21 WARN  - jmeter.gui.tree.JMeterTreeNode: getIcon(): Can't obtain GUI class from org.apache.jmeter.config.CSVDataSet 
2017/03/27 15:52:23 WARN  - jmeter.gui.tree.JMeterTreeNode: getIcon(): Can't obtain GUI class from org.apache.jmeter.config.RandomVariableConfig 
2017/03/27 15:52:23 WARN  - jmeter.gui.tree.JMeterTreeNode: getIcon(): Can't obtain GUI class from org.apache.jmeter.config.CSVDataSet 
2017/03/27 15:52:23 WARN  - jmeter.gui.tree.JMeterTreeNode: getIcon(): Can't obtain GUI class from org.apache.jmeter.config.RandomVariableConfig 
2017/03/27 15:52:23 WARN  - jmeter.gui.tree.JMeterTreeNode: getIcon(): Can't obtain GUI class from org.apache.jmeter.config.CSVDataSet 
2017/03/27 15:52:24 WARN  - jmeter.gui.tree.JMeterTreeNode: getIcon(): Can't obtain GUI class from org.apache.jmeter.config.RandomVariableConfig 
2017/03/27 15:52:24 WARN  - jmeter.gui.tree.JMeterTreeNode: getIcon(): Can't obtain GUI class from org.apache.jmeter.config.CSVDataSet 
2017/03/27 15:52:25 WARN  - jmeter.gui.tree.JMeterTreeNode: getIcon(): Can't obtain GUI class from org.apache.jmeter.config.CSVDataSet 
2017/03/27 15:52:25 WARN  - jmeter.gui.tree.JMeterTreeNode: getIcon(): Can't obtain GUI class from org.apache.jmeter.config.CSVDataSet 
2017/03/27 15:52:25 WARN  - jmeter.gui.tree.JMeterTreeNode: getIcon(): Can't obtain GUI class from org.apache.jmeter.config.CSVDataSet 
2017/03/27 15:52:25 WARN  - jmeter.gui.tree.JMeterTreeNode: getIcon(): Can't obtain GUI class from org.apache.jmeter.config.RandomVariableConfig 
2017/03/27 15:52:25 WARN  - jmeter.gui.tree.JMeterTreeNode: getIcon(): Can't obtain GUI class from org.apache.jmeter.config.CSVDataSet 
2017/03/27 15:52:26 WARN  - jmeter.gui.tree.JMeterTreeNode: getIcon(): Can't obtain GUI class from org.apache.jmeter.config.CSVDataSet 
2017/03/27 15:52:26 WARN  - jmeter.gui.tree.JMeterTreeNode: getIcon(): Can't obtain GUI class from org.apache.jmeter.config.RandomVariableConfig 
2017/03/27 15:52:26 WARN  - jmeter.gui.tree.JMeterTreeNode: getIcon(): Can't obtain GUI class from org.apache.jmeter.config.RandomVariableConfig 
2017/03/27 15:52:26 WARN  - jmeter.gui.tree.JMeterTreeNode: getIcon(): Can't obtain GUI class from org.apache.jmeter.config.RandomVariableConfig 
2017/03/27 15:52:26 WARN  - jmeter.gui.tree.JMeterTreeNode: getIcon(): Can't obtain GUI class from org.apache.jmeter.config.CSVDataSet 
2017/03/27 15:52:26 WARN  - jmeter.gui.tree.JMeterTreeNode: getIcon(): Can't obtain GUI class from org.apache.jmeter.config.RandomVariableConfig 
2017/03/27 15:52:26 WARN  - jmeter.gui.tree.JMeterTreeNode: getIcon(): Can't obtain GUI class from org.apache.jmeter.config.CSVDataSet 
2017/03/27 15:52:29 WARN  - jmeter.gui.tree.JMeterTreeNode: getIcon(): Can't obtain GUI class from org.apache.jmeter.config.RandomVariableConfig 
2017/03/27 15:52:29 WARN  - jmeter.gui.tree.JMeterTreeNode: getIcon(): Can't obtain GUI class from org.apache.jmeter.config.RandomVariableConfig 
2017/03/27 15:52:29 WARN  - jmeter.gui.tree.JMeterTreeNode: getIcon(): Can't obtain GUI class from org.apache.jmeter.config.RandomVariableConfig 
2017/03/27 15:52:29 WARN  - jmeter.gui.tree.JMeterTreeNode: getIcon(): Can't obtain GUI class from org.apache.jmeter.config.CSVDataSet 
2017/03/27 15:52:32 WARN  - jmeter.gui.tree.JMeterTreeNode: getIcon(): Can't obtain GUI class from org.apache.jmeter.config.RandomVariableConfig 
2017/03/27 15:52:32 WARN  - jmeter.gui.tree.JMeterTreeNode: getIcon(): Can't obtain GUI class from org.apache.jmeter.config.CSVDataSet 
2017/03/27 15:52:34 WARN  - jmeter.gui.tree.JMeterTreeNode: getIcon(): Can't obtain GUI class from org.apache.jmeter.config.RandomVariableConfig 
2017/03/27 15:52:34 WARN  - jmeter.gui.tree.JMeterTreeNode: getIcon(): Can't obtain GUI class from org.apache.jmeter.config.CSVDataSet 
2017/03/27 15:52:35 WARN  - jmeter.gui.tree.JMeterTreeNode: getIcon(): Can't obtain GUI class from org.apache.jmeter.config.RandomVariableConfig 
2017/03/27 15:52:35 WARN  - jmeter.gui.tree.JMeterTreeNode: getIcon(): Can't obtain GUI class from org.apache.jmeter.config.CSVDataSet 
2017/03/27 15:52:58 WARN  - jmeter.gui.tree.JMeterTreeNode: getIcon(): Can't obtain GUI class from org.apache.jmeter.config.RandomVariableConfig 
2017/03/27 15:52:58 WARN  - jmeter.gui.tree.JMeterTreeNode: getIcon(): Can't obtain GUI class from org.apache.jmeter.config.CSVDataSet 
2017/03/27 15:52:59 WARN  - jmeter.gui.tree.JMeterTreeNode: getIcon(): Can't obtain GUI class from org.apache.jmeter.config.RandomVariableConfig 
2017/03/27 15:52:59 WARN  - jmeter.gui.tree.JMeterTreeNode: getIcon(): Can't obtain GUI class from org.apache.jmeter.config.CSVDataSet 
2017/03/27 15:53:01 WARN  - jmeter.gui.tree.JMeterTreeNode: getIcon(): Can't obtain GUI class from org.apache.jmeter.config.RandomVariableConfig 
2017/03/27 15:53:01 WARN  - jmeter.gui.tree.JMeterTreeNode: getIcon(): Can't obtain GUI class from org.apache.jmeter.config.CSVDataSet 
2017/03/27 15:53:03 WARN  - jmeter.gui.tree.JMeterTreeNode: getIcon(): Can't obtain GUI class from org.apache.jmeter.config.RandomVariableConfig 
2017/03/27 15:53:03 WARN  - jmeter.gui.tree.JMeterTreeNode: getIcon(): Can't obtain GUI class from org.apache.jmeter.config.CSVDataSet 
2017/03/27 15:53:04 WARN  - jmeter.gui.tree.JMeterTreeNode: getIcon(): Can't obtain GUI class from org.apache.jmeter.config.RandomVariableConfig 
2017/03/27 15:53:04 WARN  - jmeter.gui.tree.JMeterTreeNode: getIcon(): Can't obtain GUI class from org.apache.jmeter.config.CSVDataSet 
2017/03/27 15:53:05 WARN  - jmeter.gui.tree.JMeterTreeNode: getIcon(): Can't obtain GUI class from org.apache.jmeter.config.RandomVariableConfig 
2017/03/27 15:53:05 WARN  - jmeter.gui.tree.JMeterTreeNode: getIcon(): Can't obtain GUI class from org.apache.jmeter.config.CSVDataSet 
2017/03/27 15:53:05 WARN  - jmeter.gui.tree.JMeterTreeNode: getIcon(): Can't obtain GUI class from org.apache.jmeter.config.RandomVariableConfig 
2017/03/27 15:53:05 WARN  - jmeter.gui.tree.JMeterTreeNode: getIcon(): Can't obtain GUI class from org.apache.jmeter.config.CSVDataSet 
2017/03/27 15:53:08 WARN  - jmeter.gui.tree.JMeterTreeNode: getIcon(): Can't obtain GUI class from org.apache.jmeter.config.RandomVariableConfig 
2017/03/27 15:53:08 WARN  - jmeter.gui.tree.JMeterTreeNode: getIcon(): Can't obtain GUI class from org.apache.jmeter.config.CSVDataSet 
2017/03/27 15:53:11 WARN  - jmeter.gui.tree.JMeterTreeNode: getIcon(): Can't obtain GUI class from org.apache.jmeter.config.RandomVariableConfig 
2017/03/27 15:53:11 WARN  - jmeter.gui.tree.JMeterTreeNode: getIcon(): Can't obtain GUI class from org.apache.jmeter.config.CSVDataSet 
2017/03/27 15:53:11 WARN  - jmeter.gui.tree.JMeterTreeNode: getIcon(): Can't obtain GUI class from org.apache.jmeter.config.RandomVariableConfig 
2017/03/27 15:53:11 WARN  - jmeter.gui.tree.JMeterTreeNode: getIcon(): Can't obtain GUI class from org.apache.jmeter.config.CSVDataSet 
2017/03/27 15:53:12 WARN  - jmeter.gui.tree.JMeterTreeNode: getIcon(): Can't obtain GUI class from org.apache.jmeter.config.RandomVariableConfig 
2017/03/27 15:53:12 WARN  - jmeter.gui.tree.JMeterTreeNode: getIcon(): Can't obtain GUI class from org.apache.jmeter.config.CSVDataSet 
2017/03/27 15:53:12 WARN  - jmeter.gui.tree.JMeterTreeNode: getIcon(): Can't obtain GUI class from org.apache.jmeter.config.RandomVariableConfig 
2017/03/27 15:53:12 WARN  - jmeter.gui.tree.JMeterTreeNode: getIcon(): Can't obtain GUI class from org.apache.jmeter.config.CSVDataSet 
2017/03/27 15:53:14 WARN  - jmeter.gui.tree.JMeterTreeNode: getIcon(): Can't obtain GUI class from org.apache.jmeter.config.RandomVariableConfig 
2017/03/27 15:53:14 WARN  - jmeter.gui.tree.JMeterTreeNode: getIcon(): Can't obtain GUI class from org.apache.jmeter.config.CSVDataSet 
2017/03/27 15:53:14 WARN  - jmeter.gui.tree.JMeterTreeNode: getIcon(): Can't obtain GUI class from org.apache.jmeter.config.RandomVariableConfig 
2017/03/27 15:53:14 WARN  - jmeter.gui.tree.JMeterTreeNode: getIcon(): Can't obtain GUI class from org.apache.jmeter.config.CSVDataSet 
2017/03/27 15:54:12 WARN  - jmeter.gui.tree.JMeterTreeNode: getIcon(): Can't obtain GUI class from org.apache.jmeter.config.RandomVariableConfig 
2017/03/27 15:54:12 WARN  - jmeter.gui.tree.JMeterTreeNode: getIcon(): Can't obtain GUI class from org.apache.jmeter.config.CSVDataSet 
2017/03/27 15:54:12 WARN  - jmeter.gui.tree.JMeterTreeNode: getIcon(): Can't obtain GUI class from org.apache.jmeter.config.RandomVariableConfig 
2017/03/27 15:54:12 WARN  - jmeter.gui.tree.JMeterTreeNode: getIcon(): Can't obtain GUI class from org.apache.jmeter.config.CSVDataSet 
2017/03/27 15:54:34 WARN  - jmeter.gui.tree.JMeterTreeNode: getIcon(): Can't obtain GUI class from org.apache.jmeter.config.RandomVariableConfig 
2017/03/27 15:54:34 WARN  - jmeter.gui.tree.JMeterTreeNode: getIcon(): Can't obtain GUI class from org.apache.jmeter.config.CSVDataSet 
2017/03/27 15:54:34 WARN  - jmeter.gui.tree.JMeterTreeNode: getIcon(): Can't obtain GUI class from org.apache.jmeter.config.RandomVariableConfig 
2017/03/27 15:54:34 WARN  - jmeter.gui.tree.JMeterTreeNode: getIcon(): Can't obtain GUI class from org.apache.jmeter.config.CSVDataSet 
2017/03/27 15:54:44 WARN  - jmeter.gui.tree.JMeterTreeNode: getIcon(): Can't obtain GUI class from org.apache.jmeter.config.RandomVariableConfig 
2017/03/27 15:54:44 WARN  - jmeter.gui.tree.JMeterTreeNode: getIcon(): Can't obtain GUI class from org.apache.jmeter.config.CSVDataSet 
2017/03/27 15:54:44 WARN  - jmeter.gui.tree.JMeterTreeNode: getIcon(): Can't obtain GUI class from org.apache.jmeter.config.RandomVariableConfig 
2017/03/27 15:54:44 WARN  - jmeter.gui.tree.JMeterTreeNode: getIcon(): Can't obtain GUI class from org.apache.jmeter.config.CSVDataSet 
2017/03/27 15:55:15 WARN  - jmeter.gui.tree.JMeterTreeNode: getIcon(): Can't obtain GUI class from org.apache.jmeter.config.RandomVariableConfig 
2017/03/27 15:55:15 WARN  - jmeter.gui.tree.JMeterTreeNode: getIcon(): Can't obtain GUI class from org.apache.jmeter.config.CSVDataSet 
2017/03/27 15:55:21 WARN  - jmeter.gui.tree.JMeterTreeNode: getIcon(): Can't obtain GUI class from org.apache.jmeter.config.RandomVariableConfig 
2017/03/27 15:55:21 WARN  - jmeter.gui.tree.JMeterTreeNode: getIcon(): Can't obtain GUI class from org.apache.jmeter.config.CSVDataSet 
2017/03/27 15:55:43 WARN  - jmeter.gui.tree.JMeterTreeNode: getIcon(): Can't obtain GUI class from org.apache.jmeter.config.RandomVariableConfig 
2017/03/27 15:55:43 WARN  - jmeter.gui.tree.JMeterTreeNode: getIcon(): Can't obtain GUI class from org.apache.jmeter.config.CSVDataSet 
2017/03/27 15:55:51 WARN  - jmeter.gui.tree.JMeterTreeNode: getIcon(): Can't obtain GUI class from org.apache.jmeter.config.RandomVariableConfig 
2017/03/27 15:55:51 WARN  - jmeter.gui.tree.JMeterTreeNode: getIcon(): Can't obtain GUI class from org.apache.jmeter.config.CSVDataSet 
2017/03/27 15:55:52 WARN  - jmeter.gui.tree.JMeterTreeNode: getIcon(): Can't obtain GUI class from org.apache.jmeter.config.RandomVariableConfig 
2017/03/27 15:55:52 WARN  - jmeter.gui.tree.JMeterTreeNode: getIcon(): Can't obtain GUI class from org.apache.jmeter.config.CSVDataSet 
2017/03/27 15:55:52 INFO  - jmeter.engine.StandardJMeterEngine: Running the test! 
2017/03/27 15:55:52 INFO  - jmeter.gui.util.JMeterMenuBar: setRunning(true,*local*) 
2017/03/27 15:55:53 INFO  - jmeter.engine.StandardJMeterEngine: Starting 1 threads for group Consultas. 
2017/03/27 15:55:53 INFO  - jmeter.engine.StandardJMeterEngine: Thread will continue on error 
2017/03/27 15:55:53 INFO  - jmeter.engine.StandardJMeterEngine: All threads have been started 
2017/03/27 15:55:53 INFO  - jmeter.threads.JMeterThread: Thread started: Consultas 1-1 
2017/03/27 15:55:53 INFO  - jmeter.services.FileServer: Stored: datagen/listado.csv Alias: datagen/listado.csv@All threads 
2017/03/27 15:55:54 WARN  - jmeter.gui.tree.JMeterTreeNode: getIcon(): Can't obtain GUI class from org.apache.jmeter.config.RandomVariableConfig 
2017/03/27 15:55:54 WARN  - jmeter.gui.tree.JMeterTreeNode: getIcon(): Can't obtain GUI class from org.apache.jmeter.config.CSVDataSet 
2017/03/27 15:55:58 INFO  - jmeter.threads.JMeterThread: Thread finished: Consultas 1-1 
2017/03/27 15:55:58 INFO  - jmeter.engine.StandardJMeterEngine: Ending thread Consultas 1-1 
2017/03/27 15:55:58 INFO  - jmeter.engine.StandardJMeterEngine: Notifying test listeners of end of test 
2017/03/27 15:55:58 INFO  - jmeter.services.FileServer: Close: datagen/listado.csv@All threads 
2017/03/27 15:55:58 INFO  - jmeter.gui.util.JMeterMenuBar: setRunning(false,*local*) 
2017/03/27 15:55:58 INFO  - jmeter.engine.StandardJMeterEngine: Test has ended on host null 
2017/03/27 15:56:05 WARN  - jmeter.gui.tree.JMeterTreeNode: getIcon(): Can't obtain GUI class from org.apache.jmeter.config.RandomVariableConfig 
2017/03/27 15:56:05 WARN  - jmeter.gui.tree.JMeterTreeNode: getIcon(): Can't obtain GUI class from org.apache.jmeter.config.CSVDataSet 
2017/03/27 15:57:18 WARN  - jmeter.gui.tree.JMeterTreeNode: getIcon(): Can't obtain GUI class from org.apache.jmeter.config.RandomVariableConfig 
2017/03/27 15:57:18 WARN  - jmeter.gui.tree.JMeterTreeNode: getIcon(): Can't obtain GUI class from org.apache.jmeter.config.CSVDataSet 
2017/03/27 15:57:21 WARN  - jmeter.gui.tree.JMeterTreeNode: getIcon(): Can't obtain GUI class from org.apache.jmeter.config.RandomVariableConfig 
2017/03/27 15:57:21 WARN  - jmeter.gui.tree.JMeterTreeNode: getIcon(): Can't obtain GUI class from org.apache.jmeter.config.CSVDataSet 
2017/03/27 15:57:21 INFO  - jmeter.engine.StandardJMeterEngine: Running the test! 
2017/03/27 15:57:21 INFO  - jmeter.gui.util.JMeterMenuBar: setRunning(true,*local*) 
2017/03/27 15:57:21 INFO  - jmeter.engine.StandardJMeterEngine: Starting 1 threads for group Consultas. 
2017/03/27 15:57:21 INFO  - jmeter.engine.StandardJMeterEngine: Thread will continue on error 
2017/03/27 15:57:21 INFO  - jmeter.engine.StandardJMeterEngine: All threads have been started 
2017/03/27 15:57:21 INFO  - jmeter.threads.JMeterThread: Thread started: Consultas 1-1 
2017/03/27 15:57:21 INFO  - jmeter.services.FileServer: Stored: datagen/listado.csv Alias: datagen/listado.csv@All threads 
2017/03/27 15:57:22 WARN  - jmeter.gui.tree.JMeterTreeNode: getIcon(): Can't obtain GUI class from org.apache.jmeter.config.RandomVariableConfig 
2017/03/27 15:57:22 WARN  - jmeter.gui.tree.JMeterTreeNode: getIcon(): Can't obtain GUI class from org.apache.jmeter.config.CSVDataSet 
2017/03/27 15:57:26 INFO  - jmeter.threads.JMeterThread: Thread finished: Consultas 1-1 
2017/03/27 15:57:26 INFO  - jmeter.engine.StandardJMeterEngine: Ending thread Consultas 1-1 
2017/03/27 15:57:26 INFO  - jmeter.engine.StandardJMeterEngine: Notifying test listeners of end of test 
2017/03/27 15:57:26 INFO  - jmeter.services.FileServer: Close: datagen/listado.csv@All threads 
2017/03/27 15:57:26 INFO  - jmeter.gui.util.JMeterMenuBar: setRunning(false,*local*) 
2017/03/27 15:57:26 INFO  - jmeter.engine.StandardJMeterEngine: Test has ended on host null 
2017/03/27 15:57:31 WARN  - jmeter.gui.tree.JMeterTreeNode: getIcon(): Can't obtain GUI class from org.apache.jmeter.config.RandomVariableConfig 
2017/03/27 15:57:31 WARN  - jmeter.gui.tree.JMeterTreeNode: getIcon(): Can't obtain GUI class from org.apache.jmeter.config.CSVDataSet 
2017/03/27 15:57:52 WARN  - jmeter.gui.tree.JMeterTreeNode: getIcon(): Can't obtain GUI class from org.apache.jmeter.config.RandomVariableConfig 
2017/03/27 15:57:52 WARN  - jmeter.gui.tree.JMeterTreeNode: getIcon(): Can't obtain GUI class from org.apache.jmeter.config.CSVDataSet 
2017/03/27 15:57:53 WARN  - jmeter.gui.tree.JMeterTreeNode: getIcon(): Can't obtain GUI class from org.apache.jmeter.config.RandomVariableConfig 
2017/03/27 15:57:53 WARN  - jmeter.gui.tree.JMeterTreeNode: getIcon(): Can't obtain GUI class from org.apache.jmeter.config.CSVDataSet 
2017/03/27 15:57:54 WARN  - jmeter.gui.tree.JMeterTreeNode: getIcon(): Can't obtain GUI class from org.apache.jmeter.config.RandomVariableConfig 
2017/03/27 15:57:54 WARN  - jmeter.gui.tree.JMeterTreeNode: getIcon(): Can't obtain GUI class from org.apache.jmeter.config.CSVDataSet 
2017/03/27 15:57:57 WARN  - jmeter.gui.tree.JMeterTreeNode: getIcon(): Can't obtain GUI class from org.apache.jmeter.config.RandomVariableConfig 
2017/03/27 15:57:57 WARN  - jmeter.gui.tree.JMeterTreeNode: getIcon(): Can't obtain GUI class from org.apache.jmeter.config.CSVDataSet 
2017/03/27 16:00:42 WARN  - jmeter.gui.tree.JMeterTreeNode: getIcon(): Can't obtain GUI class from org.apache.jmeter.config.RandomVariableConfig 
2017/03/27 16:00:42 WARN  - jmeter.gui.tree.JMeterTreeNode: getIcon(): Can't obtain GUI class from org.apache.jmeter.config.CSVDataSet 
2017/03/27 16:00:52 WARN  - jmeter.gui.tree.JMeterTreeNode: getIcon(): Can't obtain GUI class from org.apache.jmeter.config.RandomVariableConfig 
2017/03/27 16:00:52 WARN  - jmeter.gui.tree.JMeterTreeNode: getIcon(): Can't obtain GUI class from org.apache.jmeter.config.CSVDataSet 
2017/03/27 16:01:18 WARN  - jmeter.gui.tree.JMeterTreeNode: getIcon(): Can't obtain GUI class from org.apache.jmeter.config.RandomVariableConfig 
2017/03/27 16:01:18 WARN  - jmeter.gui.tree.JMeterTreeNode: getIcon(): Can't obtain GUI class from org.apache.jmeter.config.CSVDataSet 
2017/03/27 16:01:19 WARN  - jmeter.gui.tree.JMeterTreeNode: getIcon(): Can't obtain GUI class from org.apache.jmeter.config.RandomVariableConfig 
2017/03/27 16:01:19 WARN  - jmeter.gui.tree.JMeterTreeNode: getIcon(): Can't obtain GUI class from org.apache.jmeter.config.CSVDataSet 
2017/03/27 16:01:20 WARN  - jmeter.gui.tree.JMeterTreeNode: getIcon(): Can't obtain GUI class from org.apache.jmeter.config.RandomVariableConfig 
2017/03/27 16:01:20 WARN  - jmeter.gui.tree.JMeterTreeNode: getIcon(): Can't obtain GUI class from org.apache.jmeter.config.RandomVariableConfig 
2017/03/27 16:01:20 WARN  - jmeter.gui.tree.JMeterTreeNode: getIcon(): Can't obtain GUI class from org.apache.jmeter.config.RandomVariableConfig 
2017/03/27 16:01:20 WARN  - jmeter.gui.tree.JMeterTreeNode: getIcon(): Can't obtain GUI class from org.apache.jmeter.config.RandomVariableConfig 
2017/03/27 16:01:20 WARN  - jmeter.gui.tree.JMeterTreeNode: getIcon(): Can't obtain GUI class from org.apache.jmeter.config.CSVDataSet 
2017/03/27 16:01:21 WARN  - jmeter.gui.tree.JMeterTreeNode: getIcon(): Can't obtain GUI class from org.apache.jmeter.config.RandomVariableConfig 
2017/03/27 16:01:21 WARN  - jmeter.gui.tree.JMeterTreeNode: getIcon(): Can't obtain GUI class from org.apache.jmeter.config.CSVDataSet 
2017/03/27 16:01:21 WARN  - jmeter.gui.tree.JMeterTreeNode: getIcon(): Can't obtain GUI class from org.apache.jmeter.config.CSVDataSet 
2017/03/27 16:01:21 WARN  - jmeter.gui.tree.JMeterTreeNode: getIcon(): Can't obtain GUI class from org.apache.jmeter.config.RandomVariableConfig 
2017/03/27 16:01:21 WARN  - jmeter.gui.tree.JMeterTreeNode: getIcon(): Can't obtain GUI class from org.apache.jmeter.config.CSVDataSet 
2017/03/27 16:01:21 WARN  - jmeter.gui.tree.JMeterTreeNode: getIcon(): Can't obtain GUI class from org.apache.jmeter.config.RandomVariableConfig 
2017/03/27 16:01:21 WARN  - jmeter.gui.tree.JMeterTreeNode: getIcon(): Can't obtain GUI class from org.apache.jmeter.config.CSVDataSet 
2017/03/27 16:01:22 WARN  - jmeter.gui.tree.JMeterTreeNode: getIcon(): Can't obtain GUI class from org.apache.jmeter.config.CSVDataSet 
2017/03/27 16:01:22 WARN  - jmeter.gui.tree.JMeterTreeNode: getIcon(): Can't obtain GUI class from org.apache.jmeter.config.RandomVariableConfig 
2017/03/27 16:01:22 WARN  - jmeter.gui.tree.JMeterTreeNode: getIcon(): Can't obtain GUI class from org.apache.jmeter.config.CSVDataSet 
2017/03/27 16:01:23 WARN  - jmeter.gui.tree.JMeterTreeNode: getIcon(): Can't obtain GUI class from org.apache.jmeter.config.RandomVariableConfig 
2017/03/27 16:01:23 WARN  - jmeter.gui.tree.JMeterTreeNode: getIcon(): Can't obtain GUI class from org.apache.jmeter.config.CSVDataSet 
2017/03/27 16:06:38 WARN  - jmeter.gui.tree.JMeterTreeNode: getIcon(): Can't obtain GUI class from org.apache.jmeter.config.RandomVariableConfig 
2017/03/27 16:06:38 WARN  - jmeter.gui.tree.JMeterTreeNode: getIcon(): Can't obtain GUI class from org.apache.jmeter.config.CSVDataSet 
2017/03/27 16:06:39 WARN  - jmeter.gui.tree.JMeterTreeNode: getIcon(): Can't obtain GUI class from org.apache.jmeter.config.RandomVariableConfig 
2017/03/27 16:06:39 WARN  - jmeter.gui.tree.JMeterTreeNode: getIcon(): Can't obtain GUI class from org.apache.jmeter.config.CSVDataSet 
2017/03/27 16:06:52 WARN  - jmeter.gui.tree.JMeterTreeNode: getIcon(): Can't obtain GUI class from org.apache.jmeter.config.RandomVariableConfig 
2017/03/27 16:06:52 WARN  - jmeter.gui.tree.JMeterTreeNode: getIcon(): Can't obtain GUI class from org.apache.jmeter.config.CSVDataSet 
2017/03/27 16:06:52 WARN  - jmeter.gui.tree.JMeterTreeNode: getIcon(): Can't obtain GUI class from org.apache.jmeter.config.RandomVariableConfig 
2017/03/27 16:06:52 WARN  - jmeter.gui.tree.JMeterTreeNode: getIcon(): Can't obtain GUI class from org.apache.jmeter.config.CSVDataSet 
2017/03/27 16:07:08 WARN  - jmeter.gui.tree.JMeterTreeNode: getIcon(): Can't obtain GUI class from org.apache.jmeter.config.RandomVariableConfig 
2017/03/27 16:07:08 WARN  - jmeter.gui.tree.JMeterTreeNode: getIcon(): Can't obtain GUI class from org.apache.jmeter.config.CSVDataSet 
2017/03/27 16:07:08 INFO  - jmeter.engine.StandardJMeterEngine: Running the test! 
2017/03/27 16:07:08 INFO  - jmeter.gui.util.JMeterMenuBar: setRunning(true,*local*) 
2017/03/27 16:07:08 INFO  - jmeter.engine.StandardJMeterEngine: Starting 1 threads for group Consultas. 
2017/03/27 16:07:08 INFO  - jmeter.engine.StandardJMeterEngine: Thread will continue on error 
2017/03/27 16:07:08 INFO  - jmeter.engine.StandardJMeterEngine: All threads have been started 
2017/03/27 16:07:08 INFO  - jmeter.threads.JMeterThread: Thread started: Consultas 1-1 
2017/03/27 16:07:08 INFO  - jmeter.services.FileServer: Stored: datagen/listado.csv Alias: datagen/listado.csv@All threads 
2017/03/27 16:07:09 WARN  - jmeter.gui.tree.JMeterTreeNode: getIcon(): Can't obtain GUI class from org.apache.jmeter.config.RandomVariableConfig 
2017/03/27 16:07:09 WARN  - jmeter.gui.tree.JMeterTreeNode: getIcon(): Can't obtain GUI class from org.apache.jmeter.config.CSVDataSet 
2017/03/27 16:07:58 INFO  - jmeter.threads.JMeterThread: Thread finished: Consultas 1-1 
2017/03/27 16:07:58 INFO  - jmeter.engine.StandardJMeterEngine: Ending thread Consultas 1-1 
2017/03/27 16:07:58 INFO  - jmeter.engine.StandardJMeterEngine: Notifying test listeners of end of test 
2017/03/27 16:07:58 INFO  - jmeter.services.FileServer: Close: datagen/listado.csv@All threads 
2017/03/27 16:07:58 INFO  - jmeter.gui.util.JMeterMenuBar: setRunning(false,*local*) 
2017/03/27 16:07:58 INFO  - jmeter.engine.StandardJMeterEngine: Test has ended on host null 
2017/03/27 16:11:33 WARN  - jmeter.gui.tree.JMeterTreeNode: getIcon(): Can't obtain GUI class from org.apache.jmeter.config.RandomVariableConfig 
2017/03/27 16:11:33 WARN  - jmeter.gui.tree.JMeterTreeNode: getIcon(): Can't obtain GUI class from org.apache.jmeter.config.CSVDataSet 
2017/03/27 16:11:37 WARN  - jmeter.gui.tree.JMeterTreeNode: getIcon(): Can't obtain GUI class from org.apache.jmeter.config.RandomVariableConfig 
2017/03/27 16:11:37 WARN  - jmeter.gui.tree.JMeterTreeNode: getIcon(): Can't obtain GUI class from org.apache.jmeter.config.CSVDataSet 
2017/03/27 16:11:37 INFO  - jmeter.engine.StandardJMeterEngine: Running the test! 
2017/03/27 16:11:37 INFO  - jmeter.gui.util.JMeterMenuBar: setRunning(true,*local*) 
2017/03/27 16:11:37 INFO  - jmeter.engine.StandardJMeterEngine: Starting 1 threads for group Consultas. 
2017/03/27 16:11:37 INFO  - jmeter.engine.StandardJMeterEngine: Thread will continue on error 
2017/03/27 16:11:37 INFO  - jmeter.engine.StandardJMeterEngine: All threads have been started 
2017/03/27 16:11:37 INFO  - jmeter.threads.JMeterThread: Thread started: Consultas 1-1 
2017/03/27 16:11:37 INFO  - jmeter.services.FileServer: Stored: datagen/listado.csv Alias: datagen/listado.csv@All threads 
2017/03/27 16:12:27 INFO  - jmeter.threads.JMeterThread: Thread finished: Consultas 1-1 
2017/03/27 16:12:27 INFO  - jmeter.engine.StandardJMeterEngine: Ending thread Consultas 1-1 
2017/03/27 16:12:27 INFO  - jmeter.engine.StandardJMeterEngine: Notifying test listeners of end of test 
2017/03/27 16:12:27 INFO  - jmeter.services.FileServer: Close: datagen/listado.csv@All threads 
2017/03/27 16:12:27 INFO  - jmeter.gui.util.JMeterMenuBar: setRunning(false,*local*) 
2017/03/27 16:12:27 INFO  - jmeter.engine.StandardJMeterEngine: Test has ended on host null 
2017/03/27 16:12:46 WARN  - jmeter.gui.tree.JMeterTreeNode: getIcon(): Can't obtain GUI class from org.apache.jmeter.config.RandomVariableConfig 
2017/03/27 16:12:46 WARN  - jmeter.gui.tree.JMeterTreeNode: getIcon(): Can't obtain GUI class from org.apache.jmeter.config.CSVDataSet 
2017/03/27 16:15:17 WARN  - jmeter.gui.tree.JMeterTreeNode: getIcon(): Can't obtain GUI class from org.apache.jmeter.config.RandomVariableConfig 
2017/03/27 16:15:17 WARN  - jmeter.gui.tree.JMeterTreeNode: getIcon(): Can't obtain GUI class from org.apache.jmeter.config.CSVDataSet 
2017/03/27 16:15:19 WARN  - jmeter.gui.tree.JMeterTreeNode: getIcon(): Can't obtain GUI class from org.apache.jmeter.config.RandomVariableConfig 
2017/03/27 16:15:19 WARN  - jmeter.gui.tree.JMeterTreeNode: getIcon(): Can't obtain GUI class from org.apache.jmeter.config.CSVDataSet 
2017/03/27 16:15:19 INFO  - jmeter.engine.StandardJMeterEngine: Running the test! 
2017/03/27 16:15:19 INFO  - jmeter.gui.util.JMeterMenuBar: setRunning(true,*local*) 
2017/03/27 16:15:19 INFO  - jmeter.engine.StandardJMeterEngine: Starting 1 threads for group Consultas. 
2017/03/27 16:15:19 INFO  - jmeter.engine.StandardJMeterEngine: Thread will continue on error 
2017/03/27 16:15:19 INFO  - jmeter.engine.StandardJMeterEngine: All threads have been started 
2017/03/27 16:15:19 INFO  - jmeter.threads.JMeterThread: Thread started: Consultas 1-1 
2017/03/27 16:15:19 INFO  - jmeter.services.FileServer: Stored: datagen/listado.csv Alias: datagen/listado.csv@All threads 
2017/03/27 16:16:10 INFO  - jmeter.threads.JMeterThread: Thread finished: Consultas 1-1 
2017/03/27 16:16:10 INFO  - jmeter.engine.StandardJMeterEngine: Ending thread Consultas 1-1 
2017/03/27 16:16:10 INFO  - jmeter.engine.StandardJMeterEngine: Notifying test listeners of end of test 
2017/03/27 16:16:10 INFO  - jmeter.services.FileServer: Close: datagen/listado.csv@All threads 
2017/03/27 16:16:10 INFO  - jmeter.gui.util.JMeterMenuBar: setRunning(false,*local*) 
2017/03/27 16:16:10 INFO  - jmeter.engine.StandardJMeterEngine: Test has ended on host null 
2017/03/27 16:16:21 WARN  - jmeter.gui.tree.JMeterTreeNode: getIcon(): Can't obtain GUI class from org.apache.jmeter.config.RandomVariableConfig 
2017/03/27 16:16:21 WARN  - jmeter.gui.tree.JMeterTreeNode: getIcon(): Can't obtain GUI class from org.apache.jmeter.config.CSVDataSet 
2017/03/27 16:16:22 WARN  - jmeter.gui.tree.JMeterTreeNode: getIcon(): Can't obtain GUI class from org.apache.jmeter.config.RandomVariableConfig 
2017/03/27 16:16:22 WARN  - jmeter.gui.tree.JMeterTreeNode: getIcon(): Can't obtain GUI class from org.apache.jmeter.config.CSVDataSet 
2017/03/27 16:16:27 WARN  - jmeter.gui.tree.JMeterTreeNode: getIcon(): Can't obtain GUI class from org.apache.jmeter.config.RandomVariableConfig 
2017/03/27 16:16:27 WARN  - jmeter.gui.tree.JMeterTreeNode: getIcon(): Can't obtain GUI class from org.apache.jmeter.config.CSVDataSet 
2017/03/27 16:16:34 WARN  - jmeter.gui.tree.JMeterTreeNode: getIcon(): Can't obtain GUI class from org.apache.jmeter.config.RandomVariableConfig 
2017/03/27 16:16:34 WARN  - jmeter.gui.tree.JMeterTreeNode: getIcon(): Can't obtain GUI class from org.apache.jmeter.config.CSVDataSet 
2017/03/27 16:16:35 WARN  - jmeter.gui.tree.JMeterTreeNode: getIcon(): Can't obtain GUI class from org.apache.jmeter.config.RandomVariableConfig 
2017/03/27 16:16:35 WARN  - jmeter.gui.tree.JMeterTreeNode: getIcon(): Can't obtain GUI class from org.apache.jmeter.config.CSVDataSet 
2017/03/27 16:16:36 WARN  - jmeter.gui.tree.JMeterTreeNode: getIcon(): Can't obtain GUI class from org.apache.jmeter.config.RandomVariableConfig 
2017/03/27 16:16:36 WARN  - jmeter.gui.tree.JMeterTreeNode: getIcon(): Can't obtain GUI class from org.apache.jmeter.config.CSVDataSet 
2017/03/27 16:16:39 WARN  - jmeter.gui.tree.JMeterTreeNode: getIcon(): Can't obtain GUI class from org.apache.jmeter.config.RandomVariableConfig 
2017/03/27 16:16:39 WARN  - jmeter.gui.tree.JMeterTreeNode: getIcon(): Can't obtain GUI class from org.apache.jmeter.config.CSVDataSet 
2017/03/27 16:16:44 WARN  - jmeter.gui.tree.JMeterTreeNode: getIcon(): Can't obtain GUI class from org.apache.jmeter.config.RandomVariableConfig 
2017/03/27 16:16:44 WARN  - jmeter.gui.tree.JMeterTreeNode: getIcon(): Can't obtain GUI class from org.apache.jmeter.config.CSVDataSet 
2017/03/27 16:16:44 INFO  - jmeter.engine.StandardJMeterEngine: Running the test! 
2017/03/27 16:16:44 INFO  - jmeter.gui.util.JMeterMenuBar: setRunning(true,*local*) 
2017/03/27 16:16:44 INFO  - jmeter.engine.StandardJMeterEngine: Starting 26 threads for group Consultas. 
2017/03/27 16:16:44 INFO  - jmeter.engine.StandardJMeterEngine: Thread will continue on error 
2017/03/27 16:16:44 INFO  - jmeter.threads.JMeterThread: Thread started: Consultas 1-1 
2017/03/27 16:16:44 INFO  - jmeter.services.FileServer: Stored: datagen/listado.csv Alias: datagen/listado.csv@All threads 
2017/03/27 16:16:44 INFO  - jmeter.engine.StandardJMeterEngine: All threads have been started 
2017/03/27 16:16:45 INFO  - jmeter.threads.JMeterThread: Thread started: Consultas 1-2 
2017/03/27 16:16:45 INFO  - jmeter.threads.JMeterThread: Thread started: Consultas 1-3 
2017/03/27 16:16:46 INFO  - jmeter.threads.JMeterThread: Thread started: Consultas 1-4 
2017/03/27 16:16:46 INFO  - jmeter.threads.JMeterThread: Thread started: Consultas 1-5 
2017/03/27 16:16:46 INFO  - jmeter.threads.JMeterThread: Thread started: Consultas 1-6 
2017/03/27 16:16:47 INFO  - jmeter.threads.JMeterThread: Thread started: Consultas 1-7 
2017/03/27 16:16:47 INFO  - jmeter.threads.JMeterThread: Thread started: Consultas 1-8 
2017/03/27 16:16:48 INFO  - jmeter.threads.JMeterThread: Thread started: Consultas 1-9 
2017/03/27 16:16:48 INFO  - jmeter.threads.JMeterThread: Thread started: Consultas 1-10 
2017/03/27 16:16:48 INFO  - jmeter.threads.JMeterThread: Thread started: Consultas 1-11 
2017/03/27 16:16:49 INFO  - jmeter.threads.JMeterThread: Thread started: Consultas 1-12 
2017/03/27 16:16:49 INFO  - jmeter.threads.JMeterThread: Thread started: Consultas 1-13 
2017/03/27 16:16:49 INFO  - jmeter.threads.JMeterThread: Thread started: Consultas 1-14 
2017/03/27 16:16:50 INFO  - jmeter.threads.JMeterThread: Thread started: Consultas 1-15 
2017/03/27 16:16:50 INFO  - jmeter.threads.JMeterThread: Thread started: Consultas 1-16 
2017/03/27 16:16:51 INFO  - jmeter.threads.JMeterThread: Thread started: Consultas 1-17 
2017/03/27 16:16:51 INFO  - jmeter.threads.JMeterThread: Thread started: Consultas 1-18 
2017/03/27 16:16:51 INFO  - jmeter.threads.JMeterThread: Thread started: Consultas 1-19 
2017/03/27 16:16:52 INFO  - jmeter.threads.JMeterThread: Thread started: Consultas 1-20 
2017/03/27 16:16:52 INFO  - jmeter.threads.JMeterThread: Thread started: Consultas 1-21 
2017/03/27 16:16:53 INFO  - jmeter.threads.JMeterThread: Thread started: Consultas 1-22 
2017/03/27 16:16:53 INFO  - jmeter.threads.JMeterThread: Thread started: Consultas 1-23 
2017/03/27 16:16:53 INFO  - jmeter.threads.JMeterThread: Thread started: Consultas 1-24 
2017/03/27 16:16:54 INFO  - jmeter.threads.JMeterThread: Thread started: Consultas 1-25 
2017/03/27 16:16:54 INFO  - jmeter.threads.JMeterThread: Thread started: Consultas 1-26 
2017/03/27 16:17:34 INFO  - jmeter.threads.JMeterThread: Thread finished: Consultas 1-4 
2017/03/27 16:17:34 INFO  - jmeter.engine.StandardJMeterEngine: Ending thread Consultas 1-4 
2017/03/27 16:17:34 INFO  - jmeter.threads.JMeterThread: Thread finished: Consultas 1-2 
2017/03/27 16:17:34 INFO  - jmeter.engine.StandardJMeterEngine: Ending thread Consultas 1-2 
2017/03/27 16:17:36 INFO  - jmeter.threads.JMeterThread: Thread finished: Consultas 1-3 
2017/03/27 16:17:36 INFO  - jmeter.engine.StandardJMeterEngine: Ending thread Consultas 1-3 
2017/03/27 16:17:36 INFO  - jmeter.threads.JMeterThread: Thread finished: Consultas 1-6 
2017/03/27 16:17:36 INFO  - jmeter.engine.StandardJMeterEngine: Ending thread Consultas 1-6 
2017/03/27 16:17:36 INFO  - jmeter.threads.JMeterThread: Thread finished: Consultas 1-1 
2017/03/27 16:17:36 INFO  - jmeter.engine.StandardJMeterEngine: Ending thread Consultas 1-1 
2017/03/27 16:17:37 INFO  - jmeter.threads.JMeterThread: Thread finished: Consultas 1-5 
2017/03/27 16:17:37 INFO  - jmeter.engine.StandardJMeterEngine: Ending thread Consultas 1-5 
2017/03/27 16:17:37 INFO  - jmeter.threads.JMeterThread: Thread finished: Consultas 1-9 
2017/03/27 16:17:37 INFO  - jmeter.engine.StandardJMeterEngine: Ending thread Consultas 1-9 
2017/03/27 16:17:37 INFO  - jmeter.threads.JMeterThread: Thread finished: Consultas 1-10 
2017/03/27 16:17:37 INFO  - jmeter.engine.StandardJMeterEngine: Ending thread Consultas 1-10 
2017/03/27 16:17:38 INFO  - jmeter.threads.JMeterThread: Thread finished: Consultas 1-7 
2017/03/27 16:17:38 INFO  - jmeter.engine.StandardJMeterEngine: Ending thread Consultas 1-7 
2017/03/27 16:17:38 INFO  - jmeter.threads.JMeterThread: Thread finished: Consultas 1-16 
2017/03/27 16:17:38 INFO  - jmeter.engine.StandardJMeterEngine: Ending thread Consultas 1-16 
2017/03/27 16:17:39 INFO  - jmeter.threads.JMeterThread: Thread finished: Consultas 1-13 
2017/03/27 16:17:39 INFO  - jmeter.engine.StandardJMeterEngine: Ending thread Consultas 1-13 
2017/03/27 16:17:39 INFO  - jmeter.threads.JMeterThread: Thread finished: Consultas 1-14 
2017/03/27 16:17:39 INFO  - jmeter.engine.StandardJMeterEngine: Ending thread Consultas 1-14 
2017/03/27 16:17:39 INFO  - jmeter.threads.JMeterThread: Thread finished: Consultas 1-8 
2017/03/27 16:17:39 INFO  - jmeter.engine.StandardJMeterEngine: Ending thread Consultas 1-8 
2017/03/27 16:17:39 INFO  - jmeter.threads.JMeterThread: Thread finished: Consultas 1-15 
2017/03/27 16:17:39 INFO  - jmeter.engine.StandardJMeterEngine: Ending thread Consultas 1-15 
2017/03/27 16:17:40 INFO  - jmeter.threads.JMeterThread: Thread finished: Consultas 1-11 
2017/03/27 16:17:40 INFO  - jmeter.engine.StandardJMeterEngine: Ending thread Consultas 1-11 
2017/03/27 16:17:40 INFO  - jmeter.threads.JMeterThread: Thread finished: Consultas 1-17 
2017/03/27 16:17:40 INFO  - jmeter.engine.StandardJMeterEngine: Ending thread Consultas 1-17 
2017/03/27 16:17:41 INFO  - jmeter.threads.JMeterThread: Thread finished: Consultas 1-12 
2017/03/27 16:17:41 INFO  - jmeter.engine.StandardJMeterEngine: Ending thread Consultas 1-12 
2017/03/27 16:17:41 INFO  - jmeter.threads.JMeterThread: Thread finished: Consultas 1-18 
2017/03/27 16:17:41 INFO  - jmeter.engine.StandardJMeterEngine: Ending thread Consultas 1-18 
2017/03/27 16:17:41 INFO  - jmeter.threads.JMeterThread: Thread finished: Consultas 1-19 
2017/03/27 16:17:41 INFO  - jmeter.engine.StandardJMeterEngine: Ending thread Consultas 1-19 
2017/03/27 16:17:42 INFO  - jmeter.threads.JMeterThread: Thread finished: Consultas 1-21 
2017/03/27 16:17:42 INFO  - jmeter.engine.StandardJMeterEngine: Ending thread Consultas 1-21 
2017/03/27 16:17:43 INFO  - jmeter.threads.JMeterThread: Thread finished: Consultas 1-24 
2017/03/27 16:17:43 INFO  - jmeter.engine.StandardJMeterEngine: Ending thread Consultas 1-24 
2017/03/27 16:17:43 INFO  - jmeter.threads.JMeterThread: Thread finished: Consultas 1-26 
2017/03/27 16:17:43 INFO  - jmeter.engine.StandardJMeterEngine: Ending thread Consultas 1-26 
2017/03/27 16:17:43 INFO  - jmeter.threads.JMeterThread: Thread finished: Consultas 1-22 
2017/03/27 16:17:43 INFO  - jmeter.engine.StandardJMeterEngine: Ending thread Consultas 1-22 
2017/03/27 16:17:43 INFO  - jmeter.threads.JMeterThread: Thread finished: Consultas 1-20 
2017/03/27 16:17:43 INFO  - jmeter.engine.StandardJMeterEngine: Ending thread Consultas 1-20 
2017/03/27 16:17:45 INFO  - jmeter.threads.JMeterThread: Thread finished: Consultas 1-23 
2017/03/27 16:17:45 INFO  - jmeter.engine.StandardJMeterEngine: Ending thread Consultas 1-23 
2017/03/27 16:17:48 INFO  - jmeter.threads.JMeterThread: Thread finished: Consultas 1-25 
2017/03/27 16:17:48 INFO  - jmeter.engine.StandardJMeterEngine: Ending thread Consultas 1-25 
2017/03/27 16:17:48 INFO  - jmeter.engine.StandardJMeterEngine: Notifying test listeners of end of test 
2017/03/27 16:17:48 INFO  - jmeter.services.FileServer: Close: datagen/listado.csv@All threads 
2017/03/27 16:17:48 INFO  - jmeter.gui.util.JMeterMenuBar: setRunning(false,*local*) 
2017/03/27 16:17:48 INFO  - jmeter.engine.StandardJMeterEngine: Test has ended on host null 
2017/03/27 16:21:11 WARN  - jmeter.gui.tree.JMeterTreeNode: getIcon(): Can't obtain GUI class from org.apache.jmeter.config.RandomVariableConfig 
2017/03/27 16:21:11 WARN  - jmeter.gui.tree.JMeterTreeNode: getIcon(): Can't obtain GUI class from org.apache.jmeter.config.CSVDataSet 
2017/03/27 16:21:15 WARN  - jmeter.gui.tree.JMeterTreeNode: getIcon(): Can't obtain GUI class from org.apache.jmeter.config.RandomVariableConfig 
2017/03/27 16:21:15 WARN  - jmeter.gui.tree.JMeterTreeNode: getIcon(): Can't obtain GUI class from org.apache.jmeter.config.CSVDataSet 
